<?xml version="1.0" encoding="UTF-8"?>
<!-- Generated by org.testng.reporters.JUnitReportReporter -->
<testsuite hostname="LAPTOP-Q4VAUUHH" name="com.revature.driver.ChromeTest" tests="1" failures="0" timestamp="24 May 2018 17:45:28 GMT" time="5.018" errors="0">
  <testcase name="home" time="5.018" classname="com.revature.driver.ChromeTest"/>
</testsuite> <!-- com.revature.driver.ChromeTest -->
