<?xml version="1.0" encoding="UTF-8"?>
<!-- Generated by org.testng.reporters.JUnitReportReporter -->
<testsuite hostname="LAPTOP-Q4VAUUHH" name="drivertest.ChromeTest" tests="1" failures="0" timestamp="25 May 2018 01:52:26 GMT" time="5.693" errors="0">
  <testcase name="home" time="5.693" classname="drivertest.ChromeTest"/>
</testsuite> <!-- drivertest.ChromeTest -->
