<?xml version="1.0" encoding="UTF-8"?>
<!-- Generated by org.testng.reporters.JUnitReportReporter -->
<testsuite hostname="LAPTOP-Q4VAUUHH" name="drivertest.ChromeTest" tests="1" failures="0" timestamp="24 May 2018 21:58:55 GMT" time="9.062" errors="0">
  <testcase name="home" time="9.062" classname="drivertest.ChromeTest"/>
</testsuite> <!-- drivertest.ChromeTest -->
