<?xml version="1.0" encoding="UTF-8"?>
<!-- Generated by org.testng.reporters.JUnitReportReporter -->
<testsuite hostname="LAPTOP-Q4VAUUHH" name="pomtest.HomeTest" tests="5" failures="0" timestamp="29 May 2018 20:02:18 GMT" time="6.474" errors="0">
  <testcase name="clickHome" time="1.316" classname="pomtest.HomeTest"/>
  <testcase name="clickAssessBatch" time="0.428" classname="pomtest.HomeTest"/>
  <testcase name="clickReports" time="0.255" classname="pomtest.HomeTest"/>
  <testcase name="clickManageBatch" time="0.947" classname="pomtest.HomeTest"/>
  <testcase name="goHome" time="3.528" classname="pomtest.HomeTest"/>
</testsuite> <!-- pomtest.HomeTest -->
