<?xml version="1.0" encoding="UTF-8"?>
<!-- Generated by org.testng.reporters.JUnitReportReporter -->
<testsuite hostname="LAPTOP-Q4VAUUHH" name="pomtest.ManageCreateTest" tests="105" failures="0" timestamp="27 May 2018 20:37:37 GMT" time="19.210" errors="0">
  <testcase name="selectCotrainer" time="0.073" classname="pomtest.ManageCreateTest"/>
  <testcase name="selectSkill" time="0.110" classname="pomtest.ManageCreateTest"/>
  <testcase name="buttonClose" time="1.408" classname="pomtest.ManageCreateTest"/>
  <testcase name="selectCotrainer" time="0.112" classname="pomtest.ManageCreateTest"/>
  <testcase name="selectTrainer" time="0.111" classname="pomtest.ManageCreateTest"/>
  <testcase name="selectTrainer" time="0.112" classname="pomtest.ManageCreateTest"/>
  <testcase name="selectTraining" time="0.477" classname="pomtest.ManageCreateTest"/>
  <testcase name="selectCotrainer" time="0.103" classname="pomtest.ManageCreateTest"/>
  <testcase name="selectSkill" time="0.129" classname="pomtest.ManageCreateTest"/>
  <testcase name="selectCotrainer" time="0.116" classname="pomtest.ManageCreateTest"/>
  <testcase name="inputGood" time="0.134" classname="pomtest.ManageCreateTest"/>
  <testcase name="selectTrainer" time="0.133" classname="pomtest.ManageCreateTest"/>
  <testcase name="selectTrainer" time="0.115" classname="pomtest.ManageCreateTest"/>
  <testcase name="selectTrainer" time="0.109" classname="pomtest.ManageCreateTest"/>
  <testcase name="selectTrainer" time="0.079" classname="pomtest.ManageCreateTest"/>
  <testcase name="selectCotrainer" time="0.118" classname="pomtest.ManageCreateTest"/>
  <testcase name="selectSkill" time="0.114" classname="pomtest.ManageCreateTest"/>
  <testcase name="selectTrainer" time="0.126" classname="pomtest.ManageCreateTest"/>
  <testcase name="selectTrainer" time="0.123" classname="pomtest.ManageCreateTest"/>
  <testcase name="selectTrainer" time="0.127" classname="pomtest.ManageCreateTest"/>
  <testcase name="selectTrainer" time="0.072" classname="pomtest.ManageCreateTest"/>
  <testcase name="selectCotrainer" time="0.107" classname="pomtest.ManageCreateTest"/>
  <testcase name="selectTrainer" time="0.111" classname="pomtest.ManageCreateTest"/>
  <testcase name="selectTrainer" time="0.109" classname="pomtest.ManageCreateTest"/>
  <testcase name="selectTrainer" time="0.156" classname="pomtest.ManageCreateTest"/>
  <testcase name="selectTrainer" time="0.106" classname="pomtest.ManageCreateTest"/>
  <testcase name="selectCotrainer" time="0.066" classname="pomtest.ManageCreateTest"/>
  <testcase name="selectCotrainer" time="0.119" classname="pomtest.ManageCreateTest"/>
  <testcase name="selectTrainer" time="0.077" classname="pomtest.ManageCreateTest"/>
  <testcase name="selectCotrainer" time="0.147" classname="pomtest.ManageCreateTest"/>
  <testcase name="selectSkill" time="0.115" classname="pomtest.ManageCreateTest"/>
  <testcase name="selectCotrainer" time="0.108" classname="pomtest.ManageCreateTest"/>
  <testcase name="selectCotrainer" time="0.112" classname="pomtest.ManageCreateTest"/>
  <testcase name="selectCotrainer" time="0.118" classname="pomtest.ManageCreateTest"/>
  <testcase name="selectTraining" time="0.385" classname="pomtest.ManageCreateTest"/>
  <testcase name="selectTrainer" time="0.122" classname="pomtest.ManageCreateTest"/>
  <testcase name="selectSkill" time="0.147" classname="pomtest.ManageCreateTest"/>
  <testcase name="selectCotrainer" time="0.122" classname="pomtest.ManageCreateTest"/>
  <testcase name="selectCotrainer" time="0.109" classname="pomtest.ManageCreateTest"/>
  <testcase name="selectCotrainer" time="0.110" classname="pomtest.ManageCreateTest"/>
  <testcase name="selectCotrainer" time="0.119" classname="pomtest.ManageCreateTest"/>
  <testcase name="selectCotrainer" time="0.113" classname="pomtest.ManageCreateTest"/>
  <testcase name="selectCotrainer" time="0.112" classname="pomtest.ManageCreateTest"/>
  <testcase name="selectCotrainer" time="0.139" classname="pomtest.ManageCreateTest"/>
  <testcase name="selectTrainer" time="0.074" classname="pomtest.ManageCreateTest"/>
  <testcase name="selectTrainer" time="0.143" classname="pomtest.ManageCreateTest"/>
  <testcase name="selectSkill" time="0.112" classname="pomtest.ManageCreateTest"/>
  <testcase name="selectCotrainer" time="0.080" classname="pomtest.ManageCreateTest"/>
  <testcase name="selectTrainer" time="0.110" classname="pomtest.ManageCreateTest"/>
  <testcase name="selectTrainer" time="0.119" classname="pomtest.ManageCreateTest"/>
  <testcase name="inputName" time="2.833" classname="pomtest.ManageCreateTest"/>
  <testcase name="selectCotrainer" time="0.083" classname="pomtest.ManageCreateTest"/>
  <testcase name="selectCotrainer" time="0.134" classname="pomtest.ManageCreateTest"/>
  <testcase name="selectSkill" time="0.139" classname="pomtest.ManageCreateTest"/>
  <testcase name="selectSkill" time="0.615" classname="pomtest.ManageCreateTest"/>
  <testcase name="selectSkill" time="0.112" classname="pomtest.ManageCreateTest"/>
  <testcase name="selectSkill" time="0.114" classname="pomtest.ManageCreateTest"/>
  <testcase name="selectCotrainer" time="0.111" classname="pomtest.ManageCreateTest"/>
  <testcase name="selectStart" time="0.267" classname="pomtest.ManageCreateTest"/>
  <testcase name="inputPassing" time="0.165" classname="pomtest.ManageCreateTest"/>
  <testcase name="selectTrainer" time="0.120" classname="pomtest.ManageCreateTest"/>
  <testcase name="selectTraining" time="0.117" classname="pomtest.ManageCreateTest"/>
  <testcase name="selectCotrainer" time="0.112" classname="pomtest.ManageCreateTest"/>
  <testcase name="selectTrainer" time="0.121" classname="pomtest.ManageCreateTest"/>
  <testcase name="selectCotrainer" time="0.106" classname="pomtest.ManageCreateTest"/>
  <testcase name="selectTraining" time="0.650" classname="pomtest.ManageCreateTest"/>
  <testcase name="selectTrainer" time="0.108" classname="pomtest.ManageCreateTest"/>
  <testcase name="selectTrainer" time="0.173" classname="pomtest.ManageCreateTest"/>
  <testcase name="selectTrainer" time="0.110" classname="pomtest.ManageCreateTest"/>
  <testcase name="selectTrainer" time="0.154" classname="pomtest.ManageCreateTest"/>
  <testcase name="selectTrainer" time="0.104" classname="pomtest.ManageCreateTest"/>
  <testcase name="selectTrainer" time="0.110" classname="pomtest.ManageCreateTest"/>
  <testcase name="selectCotrainer" time="0.110" classname="pomtest.ManageCreateTest"/>
  <testcase name="selectCotrainer" time="0.079" classname="pomtest.ManageCreateTest"/>
  <testcase name="selectTrainer" time="0.112" classname="pomtest.ManageCreateTest"/>
  <testcase name="selectCotrainer" time="0.109" classname="pomtest.ManageCreateTest"/>
  <testcase name="selectCotrainer" time="0.106" classname="pomtest.ManageCreateTest"/>
  <testcase name="selectLocation" time="0.153" classname="pomtest.ManageCreateTest"/>
  <testcase name="buttonX" time="1.291" classname="pomtest.ManageCreateTest"/>
  <testcase name="selectTrainer" time="0.072" classname="pomtest.ManageCreateTest"/>
  <testcase name="selectSkill" time="0.121" classname="pomtest.ManageCreateTest"/>
  <testcase name="selectEnd" time="0.149" classname="pomtest.ManageCreateTest"/>
  <testcase name="selectCotrainer" time="0.119" classname="pomtest.ManageCreateTest"/>
  <testcase name="buttonSave" time="0.121" classname="pomtest.ManageCreateTest"/>
  <testcase name="selectCotrainer" time="0.107" classname="pomtest.ManageCreateTest"/>
  <testcase name="selectCotrainer" time="0.107" classname="pomtest.ManageCreateTest"/>
  <testcase name="selectSkill" time="0.112" classname="pomtest.ManageCreateTest"/>
  <testcase name="selectCotrainer" time="0.121" classname="pomtest.ManageCreateTest"/>
  <testcase name="selectSkill" time="0.120" classname="pomtest.ManageCreateTest"/>
  <testcase name="selectCotrainer" time="0.116" classname="pomtest.ManageCreateTest"/>
  <testcase name="selectTrainer" time="0.107" classname="pomtest.ManageCreateTest"/>
  <testcase name="selectSkill" time="0.111" classname="pomtest.ManageCreateTest"/>
  <testcase name="selectTrainer" time="0.112" classname="pomtest.ManageCreateTest"/>
  <testcase name="selectTrainer" time="0.114" classname="pomtest.ManageCreateTest"/>
  <testcase name="selectSkill" time="0.138" classname="pomtest.ManageCreateTest"/>
  <testcase name="selectTrainer" time="0.116" classname="pomtest.ManageCreateTest"/>
  <testcase name="selectCotrainer" time="0.106" classname="pomtest.ManageCreateTest"/>
  <testcase name="selectCotrainer" time="0.124" classname="pomtest.ManageCreateTest"/>
  <testcase name="selectTrainer" time="0.103" classname="pomtest.ManageCreateTest"/>
  <testcase name="selectTrainer" time="0.155" classname="pomtest.ManageCreateTest"/>
  <testcase name="selectTrainer" time="0.112" classname="pomtest.ManageCreateTest"/>
  <testcase name="selectCotrainer" time="0.109" classname="pomtest.ManageCreateTest"/>
  <testcase name="selectLocation" time="0.175" classname="pomtest.ManageCreateTest"/>
  <testcase name="selectCotrainer" time="0.124" classname="pomtest.ManageCreateTest"/>
  <testcase name="selectTrainer" time="0.153" classname="pomtest.ManageCreateTest"/>
</testsuite> <!-- pomtest.ManageCreateTest -->
