<?xml version="1.0" encoding="UTF-8"?>
<!-- Generated by org.testng.reporters.JUnitReportReporter -->
<testsuite hostname="LAPTOP-Q4VAUUHH" name="com.revature.driver.NewTest" tests="1" failures="0" timestamp="23 May 2018 23:21:31 GMT" time="5.284" errors="0">
  <testcase name="home" time="5.284" classname="com.revature.driver.NewTest"/>
</testsuite> <!-- com.revature.driver.NewTest -->
