<?xml version="1.0" encoding="UTF-8"?>
<!-- Generated by org.testng.reporters.JUnitReportReporter -->
<testsuite hostname="LAPTOP-Q4VAUUHH" name="pomtest.HomeTest" tests="5" failures="0" timestamp="28 May 2018 16:45:32 GMT" time="6.246" errors="0">
  <testcase name="goHome" time="3.767" classname="pomtest.HomeTest"/>
  <testcase name="clickHome" time="0.726" classname="pomtest.HomeTest"/>
  <testcase name="clickAssessBatch" time="0.404" classname="pomtest.HomeTest"/>
  <testcase name="clickManageBatch" time="1.049" classname="pomtest.HomeTest"/>
  <testcase name="clickReports" time="0.300" classname="pomtest.HomeTest"/>
</testsuite> <!-- pomtest.HomeTest -->
