<?xml version="1.0" encoding="UTF-8"?>
<!-- Generated by org.testng.reporters.JUnitReportReporter -->
<testsuite hostname="LAPTOP-Q4VAUUHH" name="drivertest.ChromeTest" tests="1" failures="0" timestamp="27 May 2018 20:37:37 GMT" time="9.653" errors="0">
  <testcase name="home" time="9.653" classname="drivertest.ChromeTest"/>
</testsuite> <!-- drivertest.ChromeTest -->
