<?xml version="1.0" encoding="UTF-8"?>
<!-- Generated by org.testng.reporters.JUnitReportReporter -->
<testsuite hostname="LAPTOP-Q4VAUUHH" name="pomtest.HomeTest" tests="5" failures="0" timestamp="27 May 2018 21:49:22 GMT" time="6.545" errors="0">
  <testcase name="goHome" time="3.756" classname="pomtest.HomeTest"/>
  <testcase name="clickHome" time="0.733" classname="pomtest.HomeTest"/>
  <testcase name="clickAssessBatch" time="0.355" classname="pomtest.HomeTest"/>
  <testcase name="clickManageBatch" time="1.214" classname="pomtest.HomeTest"/>
  <testcase name="clickReports" time="0.487" classname="pomtest.HomeTest"/>
</testsuite> <!-- pomtest.HomeTest -->
