<?xml version="1.0" encoding="UTF-8"?>
<!-- Generated by org.testng.reporters.JUnitReportReporter -->
<testsuite hostname="LAPTOP-Q4VAUUHH" name="pomtest.ManageYearTest" tests="4" failures="0" timestamp="28 May 2018 19:36:51 GMT" time="1.471" errors="0">
  <testcase name="listYears" time="0.167" classname="pomtest.ManageYearTest"/>
  <testcase name="listYears" time="0.165" classname="pomtest.ManageYearTest"/>
  <testcase name="listYears" time="0.971" classname="pomtest.ManageYearTest"/>
  <testcase name="listYears" time="0.168" classname="pomtest.ManageYearTest"/>
</testsuite> <!-- pomtest.ManageYearTest -->
