<?xml version="1.0" encoding="UTF-8"?>
<!-- Generated by org.testng.reporters.JUnitReportReporter -->
<testsuite hostname="LAPTOP-Q4VAUUHH" name="pomtest.HomeTest" tests="5" failures="0" timestamp="28 May 2018 19:36:51 GMT" time="6.024" errors="0">
  <testcase name="clickAssessBatch" time="0.361" classname="pomtest.HomeTest"/>
  <testcase name="goHome" time="3.752" classname="pomtest.HomeTest"/>
  <testcase name="clickManageBatch" time="0.944" classname="pomtest.HomeTest"/>
  <testcase name="clickReports" time="0.291" classname="pomtest.HomeTest"/>
  <testcase name="clickHome" time="0.676" classname="pomtest.HomeTest"/>
</testsuite> <!-- pomtest.HomeTest -->
