<?xml version="1.0" encoding="UTF-8"?>
<!-- Generated by org.testng.reporters.JUnitReportReporter -->
<testsuite hostname="LAPTOP-Q4VAUUHH" name="pomtest.HomeTest" tests="5" failures="0" timestamp="26 May 2018 20:19:09 GMT" time="9.578" errors="0">
  <testcase name="clickReports" time="0.249" classname="pomtest.HomeTest"/>
  <testcase name="clickAssessBatch" time="1.628" classname="pomtest.HomeTest"/>
  <testcase name="clickManageBatch" time="1.170" classname="pomtest.HomeTest"/>
  <testcase name="goHome" time="5.406" classname="pomtest.HomeTest"/>
  <testcase name="clickHome" time="1.125" classname="pomtest.HomeTest"/>
</testsuite> <!-- pomtest.HomeTest -->
