<?xml version="1.0" encoding="UTF-8"?>
<!-- Generated by org.testng.reporters.JUnitReportReporter -->
<testsuite hostname="LAPTOP-Q4VAUUHH" name="pomtest.ManageTest" tests="3" failures="0" timestamp="28 May 2018 16:45:32 GMT" time="3.038" errors="0">
  <testcase name="clickImportBatch" time="1.406" classname="pomtest.ManageTest"/>
  <testcase name="clickCreateBatch" time="0.861" classname="pomtest.ManageTest"/>
  <testcase name="clickYear" time="0.771" classname="pomtest.ManageTest"/>
</testsuite> <!-- pomtest.ManageTest -->
