<?xml version="1.0" encoding="UTF-8"?>
<!-- Generated by org.testng.reporters.JUnitReportReporter -->
<testsuite hostname="LAPTOP-Q4VAUUHH" name="com.revature.driver.ChromeTest" tests="1" failures="0" timestamp="23 May 2018 23:39:02 GMT" time="5.165" errors="0">
  <testcase name="home" time="5.165" classname="com.revature.driver.ChromeTest"/>
</testsuite> <!-- com.revature.driver.ChromeTest -->
