<?xml version="1.0" encoding="UTF-8"?>
<!-- Generated by org.testng.reporters.JUnitReportReporter -->
<testsuite hostname="LAPTOP-Q4VAUUHH" name="drivertest.FirefoxTest" tests="1" failures="0" timestamp="26 May 2018 20:32:07 GMT" time="10.557" errors="0">
  <testcase name="home" time="10.557" classname="drivertest.FirefoxTest"/>
</testsuite> <!-- drivertest.FirefoxTest -->
