<?xml version="1.0" encoding="UTF-8"?>
<!-- Generated by org.testng.reporters.JUnitReportReporter -->
<testsuite hostname="LAPTOP-Q4VAUUHH" name="pomtest.HomeTest" tests="5" failures="0" timestamp="30 May 2018 07:48:44 GMT" time="14.248" errors="0">
  <testcase name="goHome" time="9.668" classname="pomtest.HomeTest"/>
  <testcase name="clickHome" time="2.581" classname="pomtest.HomeTest"/>
  <testcase name="clickAssessBatch" time="0.643" classname="pomtest.HomeTest"/>
  <testcase name="clickManageBatch" time="1.048" classname="pomtest.HomeTest"/>
  <testcase name="clickReports" time="0.308" classname="pomtest.HomeTest"/>
</testsuite> <!-- pomtest.HomeTest -->
