<?xml version="1.0" encoding="UTF-8"?>
<!-- Generated by org.testng.reporters.JUnitReportReporter -->
<testsuite hostname="LAPTOP-Q4VAUUHH" name="pomtest.ManageYearTest" tests="4" failures="0" timestamp="26 May 2018 20:19:08 GMT" time="1.164" errors="0">
  <testcase name="listYears" time="0.596" classname="pomtest.ManageYearTest"/>
  <testcase name="listYears" time="0.194" classname="pomtest.ManageYearTest"/>
  <testcase name="listYears" time="0.194" classname="pomtest.ManageYearTest"/>
  <testcase name="listYears" time="0.180" classname="pomtest.ManageYearTest"/>
</testsuite> <!-- pomtest.ManageYearTest -->
