<?xml version="1.0" encoding="UTF-8"?>
<!-- Generated by org.testng.reporters.JUnitReportReporter -->
<testsuite hostname="LAPTOP-Q4VAUUHH" name="pomtest.HomeTest" tests="5" failures="0" timestamp="31 May 2018 00:39:18 GMT" time="6.729" errors="0">
  <testcase name="goHome" time="4.149" classname="pomtest.HomeTest"/>
  <testcase name="clickHome" time="0.732" classname="pomtest.HomeTest"/>
  <testcase name="clickAssessBatch" time="0.610" classname="pomtest.HomeTest"/>
  <testcase name="clickManageBatch" time="0.908" classname="pomtest.HomeTest"/>
  <testcase name="clickReports" time="0.330" classname="pomtest.HomeTest"/>
</testsuite> <!-- pomtest.HomeTest -->
