<?xml version="1.0" encoding="UTF-8"?>
<!-- Generated by org.testng.reporters.JUnitReportReporter -->
<testsuite hostname="LAPTOP-Q4VAUUHH" name="runner.Runner" tests="1" failures="0" timestamp="25 May 2018 01:59:07 GMT" time="0.011" errors="0">
  <testcase name="feature" time="0.011" classname="runner.Runner"/>
</testsuite> <!-- runner.Runner -->
