<?xml version="1.0" encoding="UTF-8"?>
<!-- Generated by org.testng.reporters.JUnitReportReporter -->
<testsuite hostname="LAPTOP-Q4VAUUHH" name="pomtest.ManageTest" tests="3" failures="0" timestamp="27 May 2018 03:10:10 GMT" time="2.385" errors="0">
  <testcase name="clickCreateBatch" time="1.074" classname="pomtest.ManageTest"/>
  <testcase name="clickYear" time="0.313" classname="pomtest.ManageTest"/>
  <testcase name="clickImportBatch" time="0.998" classname="pomtest.ManageTest"/>
</testsuite> <!-- pomtest.ManageTest -->
