<?xml version="1.0" encoding="UTF-8"?>
<!-- Generated by org.testng.reporters.JUnitReportReporter -->
<testsuite hostname="LAPTOP-Q4VAUUHH" name="pomtest.ManageYearTest" tests="4" failures="0" timestamp="27 May 2018 21:49:22 GMT" time="1.438" errors="0">
  <testcase name="listYears" time="0.881" classname="pomtest.ManageYearTest"/>
  <testcase name="listYears" time="0.228" classname="pomtest.ManageYearTest"/>
  <testcase name="listYears" time="0.165" classname="pomtest.ManageYearTest"/>
  <testcase name="listYears" time="0.164" classname="pomtest.ManageYearTest"/>
</testsuite> <!-- pomtest.ManageYearTest -->
