<?xml version="1.0" encoding="UTF-8"?>
<!-- Generated by org.testng.reporters.JUnitReportReporter -->
<testsuite hostname="LAPTOP-Q4VAUUHH" name="pomtest.HomeTest" tests="5" failures="0" timestamp="24 May 2018 23:45:49 GMT" time="6.928" errors="0">
  <testcase name="goHome" time="3.795" classname="pomtest.HomeTest"/>
  <testcase name="clickAssessBatch" time="0.711" classname="pomtest.HomeTest"/>
  <testcase name="clickManageBatch" time="1.451" classname="pomtest.HomeTest"/>
  <testcase name="clickHome" time="0.761" classname="pomtest.HomeTest"/>
  <testcase name="clickReports" time="0.210" classname="pomtest.HomeTest"/>
</testsuite> <!-- pomtest.HomeTest -->
