<?xml version="1.0" encoding="UTF-8"?>
<!-- Generated by org.testng.reporters.JUnitReportReporter -->
<testsuite hostname="LAPTOP-Q4VAUUHH" name="pomtest.ManageCreateTest" tests="98" failures="0" timestamp="27 May 2018 15:26:55 GMT" time="8.942" errors="0">
  <testcase name="selectTrainer" time="0.091" classname="pomtest.ManageCreateTest"/>
  <testcase name="selectCotrainer" time="0.085" classname="pomtest.ManageCreateTest"/>
  <testcase name="selectCotrainer" time="0.130" classname="pomtest.ManageCreateTest"/>
  <testcase name="selectCotrainer" time="0.101" classname="pomtest.ManageCreateTest"/>
  <testcase name="selectTrainer" time="0.090" classname="pomtest.ManageCreateTest"/>
  <testcase name="selectCotrainer" time="0.089" classname="pomtest.ManageCreateTest"/>
  <testcase name="selectCotrainer" time="0.062" classname="pomtest.ManageCreateTest"/>
  <testcase name="selectTrainer" time="0.087" classname="pomtest.ManageCreateTest"/>
  <testcase name="selectTrainer" time="0.083" classname="pomtest.ManageCreateTest"/>
  <testcase name="selectTrainer" time="0.086" classname="pomtest.ManageCreateTest"/>
  <testcase name="selectTrainer" time="0.095" classname="pomtest.ManageCreateTest"/>
  <testcase name="selectCotrainer" time="0.085" classname="pomtest.ManageCreateTest"/>
  <testcase name="selectTrainer" time="0.056" classname="pomtest.ManageCreateTest"/>
  <testcase name="selectTrainer" time="0.084" classname="pomtest.ManageCreateTest"/>
  <testcase name="selectCotrainer" time="0.084" classname="pomtest.ManageCreateTest"/>
  <testcase name="selectCotrainer" time="0.082" classname="pomtest.ManageCreateTest"/>
  <testcase name="selectCotrainer" time="0.081" classname="pomtest.ManageCreateTest"/>
  <testcase name="selectSkill" time="0.089" classname="pomtest.ManageCreateTest"/>
  <testcase name="selectSkill" time="0.085" classname="pomtest.ManageCreateTest"/>
  <testcase name="selectLocation" time="0.123" classname="pomtest.ManageCreateTest"/>
  <testcase name="selectCotrainer" time="0.057" classname="pomtest.ManageCreateTest"/>
  <testcase name="selectTrainer" time="0.092" classname="pomtest.ManageCreateTest"/>
  <testcase name="selectCotrainer" time="0.082" classname="pomtest.ManageCreateTest"/>
  <testcase name="selectCotrainer" time="0.086" classname="pomtest.ManageCreateTest"/>
  <testcase name="selectCotrainer" time="0.092" classname="pomtest.ManageCreateTest"/>
  <testcase name="selectTrainer" time="0.087" classname="pomtest.ManageCreateTest"/>
  <testcase name="selectTraining" time="0.148" classname="pomtest.ManageCreateTest"/>
  <testcase name="selectTrainer" time="0.107" classname="pomtest.ManageCreateTest"/>
  <testcase name="selectTrainer" time="0.085" classname="pomtest.ManageCreateTest"/>
  <testcase name="selectCotrainer" time="0.092" classname="pomtest.ManageCreateTest"/>
  <testcase name="selectTrainer" time="0.105" classname="pomtest.ManageCreateTest"/>
  <testcase name="selectTrainer" time="0.086" classname="pomtest.ManageCreateTest"/>
  <testcase name="selectCotrainer" time="0.109" classname="pomtest.ManageCreateTest"/>
  <testcase name="selectTraining" time="0.084" classname="pomtest.ManageCreateTest"/>
  <testcase name="selectSkill" time="0.101" classname="pomtest.ManageCreateTest"/>
  <testcase name="selectTrainer" time="0.079" classname="pomtest.ManageCreateTest"/>
  <testcase name="selectSkill" time="0.088" classname="pomtest.ManageCreateTest"/>
  <testcase name="selectTrainer" time="0.060" classname="pomtest.ManageCreateTest"/>
  <testcase name="selectCotrainer" time="0.100" classname="pomtest.ManageCreateTest"/>
  <testcase name="selectTrainer" time="0.080" classname="pomtest.ManageCreateTest"/>
  <testcase name="selectCotrainer" time="0.097" classname="pomtest.ManageCreateTest"/>
  <testcase name="selectCotrainer" time="0.084" classname="pomtest.ManageCreateTest"/>
  <testcase name="inputName" time="0.350" classname="pomtest.ManageCreateTest"/>
  <testcase name="selectLocation" time="0.140" classname="pomtest.ManageCreateTest"/>
  <testcase name="selectTrainer" time="0.082" classname="pomtest.ManageCreateTest"/>
  <testcase name="selectSkill" time="0.088" classname="pomtest.ManageCreateTest"/>
  <testcase name="selectSkill" time="0.095" classname="pomtest.ManageCreateTest"/>
  <testcase name="selectCotrainer" time="0.086" classname="pomtest.ManageCreateTest"/>
  <testcase name="selectTrainer" time="0.088" classname="pomtest.ManageCreateTest"/>
  <testcase name="selectTrainer" time="0.080" classname="pomtest.ManageCreateTest"/>
  <testcase name="selectTrainer" time="0.081" classname="pomtest.ManageCreateTest"/>
  <testcase name="selectCotrainer" time="0.083" classname="pomtest.ManageCreateTest"/>
  <testcase name="selectTrainer" time="0.086" classname="pomtest.ManageCreateTest"/>
  <testcase name="selectSkill" time="0.093" classname="pomtest.ManageCreateTest"/>
  <testcase name="selectCotrainer" time="0.098" classname="pomtest.ManageCreateTest"/>
  <testcase name="selectCotrainer" time="0.082" classname="pomtest.ManageCreateTest"/>
  <testcase name="selectTrainer" time="0.082" classname="pomtest.ManageCreateTest"/>
  <testcase name="selectCotrainer" time="0.081" classname="pomtest.ManageCreateTest"/>
  <testcase name="selectTrainer" time="0.113" classname="pomtest.ManageCreateTest"/>
  <testcase name="selectCotrainer" time="0.088" classname="pomtest.ManageCreateTest"/>
  <testcase name="selectCotrainer" time="0.087" classname="pomtest.ManageCreateTest"/>
  <testcase name="selectCotrainer" time="0.084" classname="pomtest.ManageCreateTest"/>
  <testcase name="selectSkill" time="0.092" classname="pomtest.ManageCreateTest"/>
  <testcase name="selectTrainer" time="0.086" classname="pomtest.ManageCreateTest"/>
  <testcase name="selectCotrainer" time="0.078" classname="pomtest.ManageCreateTest"/>
  <testcase name="selectCotrainer" time="0.081" classname="pomtest.ManageCreateTest"/>
  <testcase name="selectCotrainer" time="0.055" classname="pomtest.ManageCreateTest"/>
  <testcase name="selectTrainer" time="0.091" classname="pomtest.ManageCreateTest"/>
  <testcase name="selectSkill" time="0.124" classname="pomtest.ManageCreateTest"/>
  <testcase name="selectSkill" time="0.089" classname="pomtest.ManageCreateTest"/>
  <testcase name="selectTrainer" time="0.086" classname="pomtest.ManageCreateTest"/>
  <testcase name="selectCotrainer" time="0.088" classname="pomtest.ManageCreateTest"/>
  <testcase name="selectTraining" time="0.150" classname="pomtest.ManageCreateTest"/>
  <testcase name="selectTrainer" time="0.087" classname="pomtest.ManageCreateTest"/>
  <testcase name="selectTrainer" time="0.057" classname="pomtest.ManageCreateTest"/>
  <testcase name="selectSkill" time="0.085" classname="pomtest.ManageCreateTest"/>
  <testcase name="selectTrainer" time="0.057" classname="pomtest.ManageCreateTest"/>
  <testcase name="selectTrainer" time="0.060" classname="pomtest.ManageCreateTest"/>
  <testcase name="selectTrainer" time="0.087" classname="pomtest.ManageCreateTest"/>
  <testcase name="selectSkill" time="0.088" classname="pomtest.ManageCreateTest"/>
  <testcase name="selectTrainer" time="0.082" classname="pomtest.ManageCreateTest"/>
  <testcase name="selectTrainer" time="0.081" classname="pomtest.ManageCreateTest"/>
  <testcase name="selectTrainer" time="0.098" classname="pomtest.ManageCreateTest"/>
  <testcase name="selectCotrainer" time="0.086" classname="pomtest.ManageCreateTest"/>
  <testcase name="selectCotrainer" time="0.071" classname="pomtest.ManageCreateTest"/>
  <testcase name="selectCotrainer" time="0.092" classname="pomtest.ManageCreateTest"/>
  <testcase name="selectTrainer" time="0.084" classname="pomtest.ManageCreateTest"/>
  <testcase name="selectCotrainer" time="0.069" classname="pomtest.ManageCreateTest"/>
  <testcase name="selectSkill" time="0.107" classname="pomtest.ManageCreateTest"/>
  <testcase name="selectCotrainer" time="0.083" classname="pomtest.ManageCreateTest"/>
  <testcase name="selectSkill" time="0.084" classname="pomtest.ManageCreateTest"/>
  <testcase name="selectCotrainer" time="0.086" classname="pomtest.ManageCreateTest"/>
  <testcase name="selectTraining" time="0.116" classname="pomtest.ManageCreateTest"/>
  <testcase name="selectTrainer" time="0.083" classname="pomtest.ManageCreateTest"/>
  <testcase name="selectCotrainer" time="0.082" classname="pomtest.ManageCreateTest"/>
  <testcase name="selectSkill" time="0.102" classname="pomtest.ManageCreateTest"/>
  <testcase name="selectCotrainer" time="0.080" classname="pomtest.ManageCreateTest"/>
  <testcase name="selectTrainer" time="0.079" classname="pomtest.ManageCreateTest"/>
</testsuite> <!-- pomtest.ManageCreateTest -->
