<?xml version="1.0" encoding="UTF-8"?>
<!-- Generated by org.testng.reporters.JUnitReportReporter -->
<testsuite hostname="LAPTOP-Q4VAUUHH" name="pomtest.ManageYearTest" tests="4" failures="0" timestamp="31 May 2018 00:39:18 GMT" time="1.403" errors="0">
  <testcase name="listYears" time="0.165" classname="pomtest.ManageYearTest"/>
  <testcase name="listYears" time="0.201" classname="pomtest.ManageYearTest"/>
  <testcase name="listYears" time="0.171" classname="pomtest.ManageYearTest"/>
  <testcase name="listYears" time="0.866" classname="pomtest.ManageYearTest"/>
</testsuite> <!-- pomtest.ManageYearTest -->
