<?xml version="1.0" encoding="UTF-8"?>
<!-- Generated by org.testng.reporters.JUnitReportReporter -->
<testsuite hostname="LAPTOP-Q4VAUUHH" name="pomtest.ManageTest" tests="3" failures="0" timestamp="27 May 2018 21:49:22 GMT" time="2.982" errors="0">
  <testcase name="clickImportBatch" time="1.387" classname="pomtest.ManageTest"/>
  <testcase name="clickCreateBatch" time="0.860" classname="pomtest.ManageTest"/>
  <testcase name="clickYear" time="0.735" classname="pomtest.ManageTest"/>
</testsuite> <!-- pomtest.ManageTest -->
