<?xml version="1.0" encoding="UTF-8"?>
<!-- Generated by org.testng.reporters.JUnitReportReporter -->
<testsuite hostname="LAPTOP-Q4VAUUHH" name="pomtest.ManageCreateTest" tests="105" failures="0" timestamp="28 May 2018 19:36:51 GMT" time="12.160" errors="0">
  <testcase name="selectTrainer" time="0.087" classname="pomtest.ManageCreateTest"/>
  <testcase name="inputName" time="0.391" classname="pomtest.ManageCreateTest"/>
  <testcase name="selectTraining" time="0.211" classname="pomtest.ManageCreateTest"/>
  <testcase name="selectCotrainer" time="0.140" classname="pomtest.ManageCreateTest"/>
  <testcase name="selectCotrainer" time="0.112" classname="pomtest.ManageCreateTest"/>
  <testcase name="selectTrainer" time="0.061" classname="pomtest.ManageCreateTest"/>
  <testcase name="selectSkill" time="0.087" classname="pomtest.ManageCreateTest"/>
  <testcase name="selectCotrainer" time="0.093" classname="pomtest.ManageCreateTest"/>
  <testcase name="selectCotrainer" time="0.094" classname="pomtest.ManageCreateTest"/>
  <testcase name="selectCotrainer" time="0.082" classname="pomtest.ManageCreateTest"/>
  <testcase name="selectLocation" time="0.103" classname="pomtest.ManageCreateTest"/>
  <testcase name="selectSkill" time="0.087" classname="pomtest.ManageCreateTest"/>
  <testcase name="selectCotrainer" time="0.081" classname="pomtest.ManageCreateTest"/>
  <testcase name="selectCotrainer" time="0.083" classname="pomtest.ManageCreateTest"/>
  <testcase name="selectTrainer" time="0.086" classname="pomtest.ManageCreateTest"/>
  <testcase name="selectTraining" time="0.086" classname="pomtest.ManageCreateTest"/>
  <testcase name="selectTraining" time="0.140" classname="pomtest.ManageCreateTest"/>
  <testcase name="selectTrainer" time="0.057" classname="pomtest.ManageCreateTest"/>
  <testcase name="selectCotrainer" time="0.114" classname="pomtest.ManageCreateTest"/>
  <testcase name="selectSkill" time="0.090" classname="pomtest.ManageCreateTest"/>
  <testcase name="selectCotrainer" time="0.080" classname="pomtest.ManageCreateTest"/>
  <testcase name="selectTrainer" time="0.094" classname="pomtest.ManageCreateTest"/>
  <testcase name="selectCotrainer" time="0.091" classname="pomtest.ManageCreateTest"/>
  <testcase name="selectCotrainer" time="0.084" classname="pomtest.ManageCreateTest"/>
  <testcase name="selectCotrainer" time="0.086" classname="pomtest.ManageCreateTest"/>
  <testcase name="selectSkill" time="0.087" classname="pomtest.ManageCreateTest"/>
  <testcase name="selectTrainer" time="0.089" classname="pomtest.ManageCreateTest"/>
  <testcase name="selectTrainer" time="0.095" classname="pomtest.ManageCreateTest"/>
  <testcase name="selectCotrainer" time="0.082" classname="pomtest.ManageCreateTest"/>
  <testcase name="selectCotrainer" time="0.060" classname="pomtest.ManageCreateTest"/>
  <testcase name="buttonClose" time="1.399" classname="pomtest.ManageCreateTest"/>
  <testcase name="selectTrainer" time="0.094" classname="pomtest.ManageCreateTest"/>
  <testcase name="selectCotrainer" time="0.091" classname="pomtest.ManageCreateTest"/>
  <testcase name="selectCotrainer" time="0.087" classname="pomtest.ManageCreateTest"/>
  <testcase name="selectTrainer" time="0.081" classname="pomtest.ManageCreateTest"/>
  <testcase name="selectTrainer" time="0.086" classname="pomtest.ManageCreateTest"/>
  <testcase name="selectCotrainer" time="0.082" classname="pomtest.ManageCreateTest"/>
  <testcase name="selectTrainer" time="0.082" classname="pomtest.ManageCreateTest"/>
  <testcase name="selectCotrainer" time="0.083" classname="pomtest.ManageCreateTest"/>
  <testcase name="inputPassing" time="0.105" classname="pomtest.ManageCreateTest"/>
  <testcase name="buttonX" time="1.321" classname="pomtest.ManageCreateTest"/>
  <testcase name="selectTrainer" time="0.107" classname="pomtest.ManageCreateTest"/>
  <testcase name="selectCotrainer" time="0.086" classname="pomtest.ManageCreateTest"/>
  <testcase name="selectSkill" time="0.085" classname="pomtest.ManageCreateTest"/>
  <testcase name="selectTrainer" time="0.098" classname="pomtest.ManageCreateTest"/>
  <testcase name="selectCotrainer" time="0.081" classname="pomtest.ManageCreateTest"/>
  <testcase name="selectTrainer" time="0.079" classname="pomtest.ManageCreateTest"/>
  <testcase name="selectSkill" time="0.096" classname="pomtest.ManageCreateTest"/>
  <testcase name="selectTrainer" time="0.102" classname="pomtest.ManageCreateTest"/>
  <testcase name="selectTrainer" time="0.079" classname="pomtest.ManageCreateTest"/>
  <testcase name="selectTrainer" time="0.082" classname="pomtest.ManageCreateTest"/>
  <testcase name="selectTrainer" time="0.106" classname="pomtest.ManageCreateTest"/>
  <testcase name="selectTrainer" time="0.056" classname="pomtest.ManageCreateTest"/>
  <testcase name="selectEnd" time="0.121" classname="pomtest.ManageCreateTest"/>
  <testcase name="selectSkill" time="0.090" classname="pomtest.ManageCreateTest"/>
  <testcase name="selectCotrainer" time="0.081" classname="pomtest.ManageCreateTest"/>
  <testcase name="selectTraining" time="0.104" classname="pomtest.ManageCreateTest"/>
  <testcase name="selectTrainer" time="0.101" classname="pomtest.ManageCreateTest"/>
  <testcase name="selectSkill" time="0.088" classname="pomtest.ManageCreateTest"/>
  <testcase name="selectCotrainer" time="0.083" classname="pomtest.ManageCreateTest"/>
  <testcase name="selectTrainer" time="0.097" classname="pomtest.ManageCreateTest"/>
  <testcase name="selectTrainer" time="0.085" classname="pomtest.ManageCreateTest"/>
  <testcase name="selectLocation" time="0.116" classname="pomtest.ManageCreateTest"/>
  <testcase name="selectTrainer" time="0.088" classname="pomtest.ManageCreateTest"/>
  <testcase name="selectSkill" time="0.105" classname="pomtest.ManageCreateTest"/>
  <testcase name="selectTrainer" time="0.086" classname="pomtest.ManageCreateTest"/>
  <testcase name="selectSkill" time="0.096" classname="pomtest.ManageCreateTest"/>
  <testcase name="selectCotrainer" time="0.087" classname="pomtest.ManageCreateTest"/>
  <testcase name="selectCotrainer" time="0.082" classname="pomtest.ManageCreateTest"/>
  <testcase name="selectCotrainer" time="0.081" classname="pomtest.ManageCreateTest"/>
  <testcase name="selectSkill" time="0.083" classname="pomtest.ManageCreateTest"/>
  <testcase name="selectTrainer" time="0.078" classname="pomtest.ManageCreateTest"/>
  <testcase name="selectCotrainer" time="0.085" classname="pomtest.ManageCreateTest"/>
  <testcase name="selectTrainer" time="0.089" classname="pomtest.ManageCreateTest"/>
  <testcase name="selectTrainer" time="0.087" classname="pomtest.ManageCreateTest"/>
  <testcase name="selectCotrainer" time="0.056" classname="pomtest.ManageCreateTest"/>
  <testcase name="selectCotrainer" time="0.082" classname="pomtest.ManageCreateTest"/>
  <testcase name="selectTrainer" time="0.087" classname="pomtest.ManageCreateTest"/>
  <testcase name="selectCotrainer" time="0.084" classname="pomtest.ManageCreateTest"/>
  <testcase name="selectSkill" time="0.090" classname="pomtest.ManageCreateTest"/>
  <testcase name="selectTrainer" time="0.078" classname="pomtest.ManageCreateTest"/>
  <testcase name="selectStart" time="0.117" classname="pomtest.ManageCreateTest"/>
  <testcase name="selectTrainer" time="0.083" classname="pomtest.ManageCreateTest"/>
  <testcase name="selectTrainer" time="0.088" classname="pomtest.ManageCreateTest"/>
  <testcase name="selectTrainer" time="0.123" classname="pomtest.ManageCreateTest"/>
  <testcase name="inputGood" time="0.112" classname="pomtest.ManageCreateTest"/>
  <testcase name="selectSkill" time="0.131" classname="pomtest.ManageCreateTest"/>
  <testcase name="selectCotrainer" time="0.058" classname="pomtest.ManageCreateTest"/>
  <testcase name="selectTrainer" time="0.069" classname="pomtest.ManageCreateTest"/>
  <testcase name="selectCotrainer" time="0.087" classname="pomtest.ManageCreateTest"/>
  <testcase name="selectCotrainer" time="0.090" classname="pomtest.ManageCreateTest"/>
  <testcase name="selectTrainer" time="0.064" classname="pomtest.ManageCreateTest"/>
  <testcase name="selectSkill" time="0.110" classname="pomtest.ManageCreateTest"/>
  <testcase name="selectCotrainer" time="0.084" classname="pomtest.ManageCreateTest"/>
  <testcase name="selectCotrainer" time="0.001" classname="pomtest.ManageCreateTest"/>
  <testcase name="selectSkill" time="0.097" classname="pomtest.ManageCreateTest"/>
  <testcase name="selectCotrainer" time="0.081" classname="pomtest.ManageCreateTest"/>
  <testcase name="selectCotrainer" time="0.057" classname="pomtest.ManageCreateTest"/>
  <testcase name="selectTrainer" time="0.077" classname="pomtest.ManageCreateTest"/>
  <testcase name="selectCotrainer" time="0.055" classname="pomtest.ManageCreateTest"/>
  <testcase name="selectTrainer" time="0.086" classname="pomtest.ManageCreateTest"/>
  <testcase name="selectTrainer" time="0.087" classname="pomtest.ManageCreateTest"/>
  <testcase name="selectCotrainer" time="0.080" classname="pomtest.ManageCreateTest"/>
  <testcase name="buttonSave" time="0.047" classname="pomtest.ManageCreateTest"/>
  <testcase name="selectTrainer" time="0.085" classname="pomtest.ManageCreateTest"/>
</testsuite> <!-- pomtest.ManageCreateTest -->
