<?xml version="1.0" encoding="UTF-8"?>
<!-- Generated by org.testng.reporters.JUnitReportReporter -->
<testsuite hostname="LAPTOP-Q4VAUUHH" name="pomtest.ManageYearTest" tests="4" failures="0" timestamp="27 May 2018 20:37:37 GMT" time="0.997" errors="0">
  <testcase name="listYears" time="0.199" classname="pomtest.ManageYearTest"/>
  <testcase name="listYears" time="0.179" classname="pomtest.ManageYearTest"/>
  <testcase name="listYears" time="0.424" classname="pomtest.ManageYearTest"/>
  <testcase name="listYears" time="0.195" classname="pomtest.ManageYearTest"/>
</testsuite> <!-- pomtest.ManageYearTest -->
