<?xml version="1.0" encoding="UTF-8"?>
<!-- Generated by org.testng.reporters.JUnitReportReporter -->
<testsuite hostname="LAPTOP-Q4VAUUHH" name="drivertest.FirefoxTest" tests="1" failures="0" timestamp="24 May 2018 22:01:39 GMT" time="5.478" errors="0">
  <testcase name="home" time="5.478" classname="drivertest.FirefoxTest"/>
</testsuite> <!-- drivertest.FirefoxTest -->
