<?xml version="1.0" encoding="UTF-8"?>
<!-- Generated by org.testng.reporters.JUnitReportReporter -->
<testsuite hostname="LAPTOP-Q4VAUUHH" name="pomtest.ManageTest" tests="3" failures="0" timestamp="26 May 2018 20:19:09 GMT" time="3.461" errors="0">
  <testcase name="clickImportBatch" time="1.278" classname="pomtest.ManageTest"/>
  <testcase name="clickYear" time="0.071" classname="pomtest.ManageTest"/>
  <testcase name="clickCreateBatch" time="2.112" classname="pomtest.ManageTest"/>
</testsuite> <!-- pomtest.ManageTest -->
