<?xml version="1.0" encoding="UTF-8"?>
<!-- Generated by org.testng.reporters.JUnitReportReporter -->
<testsuite hostname="LAPTOP-Q4VAUUHH" name="pomtest.HomeTest" tests="5" failures="0" timestamp="27 May 2018 03:10:10 GMT" time="10.909" errors="0">
  <testcase name="clickHome" time="1.158" classname="pomtest.HomeTest"/>
  <testcase name="goHome" time="7.213" classname="pomtest.HomeTest"/>
  <testcase name="clickAssessBatch" time="0.716" classname="pomtest.HomeTest"/>
  <testcase name="clickManageBatch" time="1.473" classname="pomtest.HomeTest"/>
  <testcase name="clickReports" time="0.349" classname="pomtest.HomeTest"/>
</testsuite> <!-- pomtest.HomeTest -->
