<?xml version="1.0" encoding="UTF-8"?>
<!-- Generated by org.testng.reporters.JUnitReportReporter -->
<testsuite hostname="LAPTOP-Q4VAUUHH" name="driver.ChromeTest" tests="1" failures="0" timestamp="24 May 2018 17:56:07 GMT" time="7.156" errors="0">
  <testcase name="home" time="7.156" classname="driver.ChromeTest"/>
</testsuite> <!-- driver.ChromeTest -->
