<?xml version="1.0" encoding="UTF-8"?>
<!-- Generated by org.testng.reporters.JUnitReportReporter -->
<testsuite hostname="LAPTOP-Q4VAUUHH" name="pomtest.ManageCreateTest" tests="105" failures="0" timestamp="29 May 2018 20:02:18 GMT" time="16.591" errors="0">
  <testcase name="selectCotrainer" time="0.122" classname="pomtest.ManageCreateTest"/>
  <testcase name="selectSkill" time="0.102" classname="pomtest.ManageCreateTest"/>
  <testcase name="selectCotrainer" time="0.108" classname="pomtest.ManageCreateTest"/>
  <testcase name="selectEnd" time="0.464" classname="pomtest.ManageCreateTest"/>
  <testcase name="selectTrainer" time="0.198" classname="pomtest.ManageCreateTest"/>
  <testcase name="selectTrainer" time="0.092" classname="pomtest.ManageCreateTest"/>
  <testcase name="buttonSave" time="0.329" classname="pomtest.ManageCreateTest"/>
  <testcase name="selectCotrainer" time="0.110" classname="pomtest.ManageCreateTest"/>
  <testcase name="selectCotrainer" time="0.128" classname="pomtest.ManageCreateTest"/>
  <testcase name="selectSkill" time="0.096" classname="pomtest.ManageCreateTest"/>
  <testcase name="selectCotrainer" time="0.217" classname="pomtest.ManageCreateTest"/>
  <testcase name="selectCotrainer" time="0.129" classname="pomtest.ManageCreateTest"/>
  <testcase name="selectTrainer" time="0.169" classname="pomtest.ManageCreateTest"/>
  <testcase name="selectTrainer" time="0.152" classname="pomtest.ManageCreateTest"/>
  <testcase name="selectTrainer" time="0.140" classname="pomtest.ManageCreateTest"/>
  <testcase name="selectTrainer" time="0.085" classname="pomtest.ManageCreateTest"/>
  <testcase name="selectTrainer" time="0.064" classname="pomtest.ManageCreateTest"/>
  <testcase name="selectCotrainer" time="0.098" classname="pomtest.ManageCreateTest"/>
  <testcase name="selectLocation" time="0.237" classname="pomtest.ManageCreateTest"/>
  <testcase name="selectTraining" time="0.114" classname="pomtest.ManageCreateTest"/>
  <testcase name="selectTrainer" time="0.095" classname="pomtest.ManageCreateTest"/>
  <testcase name="selectTrainer" time="0.156" classname="pomtest.ManageCreateTest"/>
  <testcase name="selectTrainer" time="0.095" classname="pomtest.ManageCreateTest"/>
  <testcase name="buttonClose" time="1.176" classname="pomtest.ManageCreateTest"/>
  <testcase name="selectCotrainer" time="0.106" classname="pomtest.ManageCreateTest"/>
  <testcase name="selectTrainer" time="0.081" classname="pomtest.ManageCreateTest"/>
  <testcase name="selectLocation" time="0.232" classname="pomtest.ManageCreateTest"/>
  <testcase name="selectTrainer" time="0.102" classname="pomtest.ManageCreateTest"/>
  <testcase name="selectTrainer" time="0.066" classname="pomtest.ManageCreateTest"/>
  <testcase name="selectCotrainer" time="0.080" classname="pomtest.ManageCreateTest"/>
  <testcase name="selectCotrainer" time="0.090" classname="pomtest.ManageCreateTest"/>
  <testcase name="selectTrainer" time="0.093" classname="pomtest.ManageCreateTest"/>
  <testcase name="selectTrainer" time="0.125" classname="pomtest.ManageCreateTest"/>
  <testcase name="selectSkill" time="0.121" classname="pomtest.ManageCreateTest"/>
  <testcase name="selectCotrainer" time="0.121" classname="pomtest.ManageCreateTest"/>
  <testcase name="selectCotrainer" time="0.067" classname="pomtest.ManageCreateTest"/>
  <testcase name="selectCotrainer" time="0.112" classname="pomtest.ManageCreateTest"/>
  <testcase name="selectTrainer" time="0.091" classname="pomtest.ManageCreateTest"/>
  <testcase name="selectTraining" time="0.106" classname="pomtest.ManageCreateTest"/>
  <testcase name="selectCotrainer" time="0.135" classname="pomtest.ManageCreateTest"/>
  <testcase name="selectCotrainer" time="0.105" classname="pomtest.ManageCreateTest"/>
  <testcase name="selectTrainer" time="0.117" classname="pomtest.ManageCreateTest"/>
  <testcase name="selectCotrainer" time="0.101" classname="pomtest.ManageCreateTest"/>
  <testcase name="selectCotrainer" time="0.089" classname="pomtest.ManageCreateTest"/>
  <testcase name="selectStart" time="0.238" classname="pomtest.ManageCreateTest"/>
  <testcase name="selectCotrainer" time="0.121" classname="pomtest.ManageCreateTest"/>
  <testcase name="selectTrainer" time="0.094" classname="pomtest.ManageCreateTest"/>
  <testcase name="selectTrainer" time="0.091" classname="pomtest.ManageCreateTest"/>
  <testcase name="inputGood" time="0.121" classname="pomtest.ManageCreateTest"/>
  <testcase name="selectSkill" time="0.267" classname="pomtest.ManageCreateTest"/>
  <testcase name="selectCotrainer" time="0.127" classname="pomtest.ManageCreateTest"/>
  <testcase name="selectTrainer" time="0.130" classname="pomtest.ManageCreateTest"/>
  <testcase name="selectSkill" time="0.090" classname="pomtest.ManageCreateTest"/>
  <testcase name="selectCotrainer" time="0.145" classname="pomtest.ManageCreateTest"/>
  <testcase name="selectCotrainer" time="0.069" classname="pomtest.ManageCreateTest"/>
  <testcase name="inputPassing" time="0.240" classname="pomtest.ManageCreateTest"/>
  <testcase name="selectTraining" time="0.229" classname="pomtest.ManageCreateTest"/>
  <testcase name="buttonX" time="1.396" classname="pomtest.ManageCreateTest"/>
  <testcase name="selectSkill" time="0.162" classname="pomtest.ManageCreateTest"/>
  <testcase name="selectTraining" time="0.102" classname="pomtest.ManageCreateTest"/>
  <testcase name="selectCotrainer" time="0.134" classname="pomtest.ManageCreateTest"/>
  <testcase name="selectCotrainer" time="0.124" classname="pomtest.ManageCreateTest"/>
  <testcase name="selectCotrainer" time="0.116" classname="pomtest.ManageCreateTest"/>
  <testcase name="selectTrainer" time="0.405" classname="pomtest.ManageCreateTest"/>
  <testcase name="selectCotrainer" time="0.125" classname="pomtest.ManageCreateTest"/>
  <testcase name="selectCotrainer" time="0.111" classname="pomtest.ManageCreateTest"/>
  <testcase name="selectTrainer" time="0.090" classname="pomtest.ManageCreateTest"/>
  <testcase name="selectTrainer" time="0.088" classname="pomtest.ManageCreateTest"/>
  <testcase name="selectTrainer" time="0.101" classname="pomtest.ManageCreateTest"/>
  <testcase name="selectSkill" time="0.102" classname="pomtest.ManageCreateTest"/>
  <testcase name="selectTrainer" time="0.114" classname="pomtest.ManageCreateTest"/>
  <testcase name="selectTrainer" time="0.069" classname="pomtest.ManageCreateTest"/>
  <testcase name="selectCotrainer" time="0.120" classname="pomtest.ManageCreateTest"/>
  <testcase name="selectCotrainer" time="0.140" classname="pomtest.ManageCreateTest"/>
  <testcase name="selectTrainer" time="0.092" classname="pomtest.ManageCreateTest"/>
  <testcase name="selectCotrainer" time="0.075" classname="pomtest.ManageCreateTest"/>
  <testcase name="selectCotrainer" time="0.095" classname="pomtest.ManageCreateTest"/>
  <testcase name="selectSkill" time="0.128" classname="pomtest.ManageCreateTest"/>
  <testcase name="selectTrainer" time="0.090" classname="pomtest.ManageCreateTest"/>
  <testcase name="selectSkill" time="0.095" classname="pomtest.ManageCreateTest"/>
  <testcase name="selectCotrainer" time="0.130" classname="pomtest.ManageCreateTest"/>
  <testcase name="selectTrainer" time="0.142" classname="pomtest.ManageCreateTest"/>
  <testcase name="selectCotrainer" time="0.000" classname="pomtest.ManageCreateTest"/>
  <testcase name="selectCotrainer" time="0.106" classname="pomtest.ManageCreateTest"/>
  <testcase name="selectCotrainer" time="0.093" classname="pomtest.ManageCreateTest"/>
  <testcase name="selectSkill" time="0.096" classname="pomtest.ManageCreateTest"/>
  <testcase name="selectCotrainer" time="0.098" classname="pomtest.ManageCreateTest"/>
  <testcase name="selectSkill" time="0.094" classname="pomtest.ManageCreateTest"/>
  <testcase name="inputName" time="1.035" classname="pomtest.ManageCreateTest"/>
  <testcase name="selectCotrainer" time="0.140" classname="pomtest.ManageCreateTest"/>
  <testcase name="selectTrainer" time="0.210" classname="pomtest.ManageCreateTest"/>
  <testcase name="selectSkill" time="0.091" classname="pomtest.ManageCreateTest"/>
  <testcase name="selectTrainer" time="0.214" classname="pomtest.ManageCreateTest"/>
  <testcase name="selectTrainer" time="0.114" classname="pomtest.ManageCreateTest"/>
  <testcase name="selectSkill" time="0.096" classname="pomtest.ManageCreateTest"/>
  <testcase name="selectTrainer" time="0.198" classname="pomtest.ManageCreateTest"/>
  <testcase name="selectTrainer" time="0.148" classname="pomtest.ManageCreateTest"/>
  <testcase name="selectTrainer" time="0.100" classname="pomtest.ManageCreateTest"/>
  <testcase name="selectTrainer" time="0.092" classname="pomtest.ManageCreateTest"/>
  <testcase name="selectSkill" time="0.092" classname="pomtest.ManageCreateTest"/>
  <testcase name="selectTrainer" time="0.061" classname="pomtest.ManageCreateTest"/>
  <testcase name="selectCotrainer" time="0.102" classname="pomtest.ManageCreateTest"/>
  <testcase name="selectSkill" time="0.104" classname="pomtest.ManageCreateTest"/>
  <testcase name="selectCotrainer" time="0.086" classname="pomtest.ManageCreateTest"/>
  <testcase name="selectTrainer" time="0.097" classname="pomtest.ManageCreateTest"/>
</testsuite> <!-- pomtest.ManageCreateTest -->
