<?xml version="1.0" encoding="UTF-8"?>
<!-- Generated by org.testng.reporters.JUnitReportReporter -->
<testsuite hostname="LAPTOP-Q4VAUUHH" name="pomtest.ManageTest" tests="3" failures="0" timestamp="29 May 2018 20:02:18 GMT" time="3.153" errors="0">
  <testcase name="clickCreateBatch" time="0.917" classname="pomtest.ManageTest"/>
  <testcase name="clickImportBatch" time="1.492" classname="pomtest.ManageTest"/>
  <testcase name="clickYear" time="0.744" classname="pomtest.ManageTest"/>
</testsuite> <!-- pomtest.ManageTest -->
