<?xml version="1.0" encoding="UTF-8"?>
<!-- Generated by org.testng.reporters.JUnitReportReporter -->
<testsuite hostname="LAPTOP-Q4VAUUHH" name="pomtest.HomeTest" tests="5" failures="0" timestamp="26 May 2018 15:14:30 GMT" time="7.018" errors="0">
  <testcase name="goHome" time="3.909" classname="pomtest.HomeTest"/>
  <testcase name="clickAssessBatch" time="0.816" classname="pomtest.HomeTest"/>
  <testcase name="clickManageBatch" time="0.937" classname="pomtest.HomeTest"/>
  <testcase name="clickHome" time="1.060" classname="pomtest.HomeTest"/>
  <testcase name="clickReports" time="0.296" classname="pomtest.HomeTest"/>
</testsuite> <!-- pomtest.HomeTest -->
