<?xml version="1.0" encoding="UTF-8"?>
<!-- Generated by org.testng.reporters.JUnitReportReporter -->
<testsuite hostname="LAPTOP-Q4VAUUHH" name="drivertest.ChromeTest" tests="1" failures="0" timestamp="26 May 2018 20:32:07 GMT" time="7.015" errors="0">
  <testcase name="home" time="7.015" classname="drivertest.ChromeTest"/>
</testsuite> <!-- drivertest.ChromeTest -->
