<?xml version="1.0" encoding="UTF-8"?>
<!-- Generated by org.testng.reporters.JUnitReportReporter -->
<testsuite hostname="LAPTOP-Q4VAUUHH" name="drivertest.ChromeTest" tests="1" failures="0" timestamp="31 May 2018 22:22:53 GMT" time="4.204" errors="0">
  <testcase name="home" time="4.204" classname="drivertest.ChromeTest"/>
</testsuite> <!-- drivertest.ChromeTest -->
