<?xml version="1.0" encoding="UTF-8"?>
<!-- Generated by org.testng.reporters.JUnitReportReporter -->
<testsuite hostname="LAPTOP-Q4VAUUHH" name="pomtest.ManageTest" tests="3" failures="0" timestamp="26 May 2018 15:33:10 GMT" time="2.706" errors="0">
  <testcase name="clickCreateBatch" time="0.918" classname="pomtest.ManageTest"/>
  <testcase name="clickYear" time="0.598" classname="pomtest.ManageTest"/>
  <testcase name="clickImportBatch" time="1.190" classname="pomtest.ManageTest"/>
</testsuite> <!-- pomtest.ManageTest -->
