<?xml version="1.0" encoding="UTF-8"?>
<!-- Generated by org.testng.reporters.JUnitReportReporter -->
<testsuite hostname="LAPTOP-Q4VAUUHH" name="drivertest.FirefoxTest" tests="1" failures="0" timestamp="24 May 2018 21:58:55 GMT" time="4.617" errors="0">
  <testcase name="home" time="4.617" classname="drivertest.FirefoxTest"/>
</testsuite> <!-- drivertest.FirefoxTest -->
