<?xml version="1.0" encoding="UTF-8"?>
<!-- Generated by org.testng.reporters.JUnitReportReporter -->
<testsuite hostname="LAPTOP-Q4VAUUHH" name="pomtest.ManageYearTest" tests="4" failures="0" timestamp="27 May 2018 03:10:10 GMT" time="1.091" errors="0">
  <testcase name="listYears" time="0.190" classname="pomtest.ManageYearTest"/>
  <testcase name="listYears" time="0.353" classname="pomtest.ManageYearTest"/>
  <testcase name="listYears" time="0.220" classname="pomtest.ManageYearTest"/>
  <testcase name="listYears" time="0.328" classname="pomtest.ManageYearTest"/>
</testsuite> <!-- pomtest.ManageYearTest -->
