<?xml version="1.0" encoding="UTF-8"?>
<!-- Generated by org.testng.reporters.JUnitReportReporter -->
<testsuite hostname="LAPTOP-Q4VAUUHH" name="pomtest.ManageTest" tests="3" failures="0" timestamp="30 May 2018 07:48:44 GMT" time="2.748" errors="0">
  <testcase name="clickCreateBatch" time="0.950" classname="pomtest.ManageTest"/>
  <testcase name="clickImportBatch" time="1.407" classname="pomtest.ManageTest"/>
  <testcase name="clickYear" time="0.391" classname="pomtest.ManageTest"/>
</testsuite> <!-- pomtest.ManageTest -->
