<?xml version="1.0" encoding="UTF-8"?>
<!-- Generated by org.testng.reporters.JUnitReportReporter -->
<testsuite hostname="LAPTOP-Q4VAUUHH" name="pomtest.HomeTest" tests="5" failures="0" timestamp="27 May 2018 20:37:37 GMT" time="11.527" errors="0">
  <testcase name="clickHome" time="1.299" classname="pomtest.HomeTest"/>
  <testcase name="clickReports" time="0.247" classname="pomtest.HomeTest"/>
  <testcase name="clickManageBatch" time="1.171" classname="pomtest.HomeTest"/>
  <testcase name="goHome" time="7.869" classname="pomtest.HomeTest"/>
  <testcase name="clickAssessBatch" time="0.941" classname="pomtest.HomeTest"/>
</testsuite> <!-- pomtest.HomeTest -->
