<?xml version="1.0" encoding="UTF-8"?>
<!-- Generated by org.testng.reporters.JUnitReportReporter -->
<testsuite hostname="LAPTOP-Q4VAUUHH" name="drivertest.ChromeTest" tests="1" failures="0" timestamp="24 May 2018 22:00:51 GMT" time="6.003" errors="0">
  <testcase name="home" time="6.003" classname="drivertest.ChromeTest"/>
</testsuite> <!-- drivertest.ChromeTest -->
