<?xml version="1.0" encoding="UTF-8"?>
<!-- Generated by org.testng.reporters.JUnitReportReporter -->
<testsuite hostname="LAPTOP-Q4VAUUHH" name="pomtest.ManageCreateTest" tests="105" failures="0" timestamp="30 May 2018 07:48:41 GMT" time="14.280" errors="0">
  <testcase name="selectCotrainer" time="0.098" classname="pomtest.ManageCreateTest"/>
  <testcase name="selectCotrainer" time="0.092" classname="pomtest.ManageCreateTest"/>
  <testcase name="selectCotrainer" time="0.102" classname="pomtest.ManageCreateTest"/>
  <testcase name="selectCotrainer" time="0.061" classname="pomtest.ManageCreateTest"/>
  <testcase name="selectSkill" time="0.090" classname="pomtest.ManageCreateTest"/>
  <testcase name="selectSkill" time="0.093" classname="pomtest.ManageCreateTest"/>
  <testcase name="selectStart" time="0.280" classname="pomtest.ManageCreateTest"/>
  <testcase name="selectCotrainer" time="0.086" classname="pomtest.ManageCreateTest"/>
  <testcase name="selectTrainer" time="0.092" classname="pomtest.ManageCreateTest"/>
  <testcase name="selectCotrainer" time="0.092" classname="pomtest.ManageCreateTest"/>
  <testcase name="selectCotrainer" time="0.109" classname="pomtest.ManageCreateTest"/>
  <testcase name="selectCotrainer" time="0.095" classname="pomtest.ManageCreateTest"/>
  <testcase name="selectSkill" time="0.092" classname="pomtest.ManageCreateTest"/>
  <testcase name="selectSkill" time="0.094" classname="pomtest.ManageCreateTest"/>
  <testcase name="selectTrainer" time="0.236" classname="pomtest.ManageCreateTest"/>
  <testcase name="selectLocation" time="0.148" classname="pomtest.ManageCreateTest"/>
  <testcase name="selectTrainer" time="0.108" classname="pomtest.ManageCreateTest"/>
  <testcase name="selectCotrainer" time="0.175" classname="pomtest.ManageCreateTest"/>
  <testcase name="selectSkill" time="0.085" classname="pomtest.ManageCreateTest"/>
  <testcase name="buttonClose" time="1.332" classname="pomtest.ManageCreateTest"/>
  <testcase name="selectTrainer" time="0.102" classname="pomtest.ManageCreateTest"/>
  <testcase name="selectSkill" time="0.085" classname="pomtest.ManageCreateTest"/>
  <testcase name="selectTrainer" time="0.324" classname="pomtest.ManageCreateTest"/>
  <testcase name="selectCotrainer" time="0.089" classname="pomtest.ManageCreateTest"/>
  <testcase name="selectCotrainer" time="0.098" classname="pomtest.ManageCreateTest"/>
  <testcase name="selectTrainer" time="0.121" classname="pomtest.ManageCreateTest"/>
  <testcase name="selectSkill" time="0.113" classname="pomtest.ManageCreateTest"/>
  <testcase name="selectLocation" time="0.150" classname="pomtest.ManageCreateTest"/>
  <testcase name="selectCotrainer" time="0.108" classname="pomtest.ManageCreateTest"/>
  <testcase name="selectTrainer" time="0.085" classname="pomtest.ManageCreateTest"/>
  <testcase name="selectTrainer" time="0.100" classname="pomtest.ManageCreateTest"/>
  <testcase name="selectTrainer" time="0.059" classname="pomtest.ManageCreateTest"/>
  <testcase name="selectTraining" time="0.148" classname="pomtest.ManageCreateTest"/>
  <testcase name="selectCotrainer" time="0.096" classname="pomtest.ManageCreateTest"/>
  <testcase name="selectCotrainer" time="0.084" classname="pomtest.ManageCreateTest"/>
  <testcase name="selectCotrainer" time="0.147" classname="pomtest.ManageCreateTest"/>
  <testcase name="selectTrainer" time="0.114" classname="pomtest.ManageCreateTest"/>
  <testcase name="selectTrainer" time="0.094" classname="pomtest.ManageCreateTest"/>
  <testcase name="selectCotrainer" time="0.124" classname="pomtest.ManageCreateTest"/>
  <testcase name="selectCotrainer" time="0.093" classname="pomtest.ManageCreateTest"/>
  <testcase name="selectTrainer" time="0.087" classname="pomtest.ManageCreateTest"/>
  <testcase name="selectTrainer" time="0.062" classname="pomtest.ManageCreateTest"/>
  <testcase name="selectTrainer" time="0.085" classname="pomtest.ManageCreateTest"/>
  <testcase name="selectCotrainer" time="0.056" classname="pomtest.ManageCreateTest"/>
  <testcase name="selectTrainer" time="0.085" classname="pomtest.ManageCreateTest"/>
  <testcase name="selectTrainer" time="0.597" classname="pomtest.ManageCreateTest"/>
  <testcase name="selectTrainer" time="0.111" classname="pomtest.ManageCreateTest"/>
  <testcase name="selectCotrainer" time="0.059" classname="pomtest.ManageCreateTest"/>
  <testcase name="selectCotrainer" time="0.099" classname="pomtest.ManageCreateTest"/>
  <testcase name="selectTrainer" time="0.095" classname="pomtest.ManageCreateTest"/>
  <testcase name="selectSkill" time="0.097" classname="pomtest.ManageCreateTest"/>
  <testcase name="selectCotrainer" time="0.084" classname="pomtest.ManageCreateTest"/>
  <testcase name="selectCotrainer" time="0.100" classname="pomtest.ManageCreateTest"/>
  <testcase name="selectCotrainer" time="0.085" classname="pomtest.ManageCreateTest"/>
  <testcase name="selectCotrainer" time="0.085" classname="pomtest.ManageCreateTest"/>
  <testcase name="selectEnd" time="0.129" classname="pomtest.ManageCreateTest"/>
  <testcase name="selectTrainer" time="0.059" classname="pomtest.ManageCreateTest"/>
  <testcase name="selectCotrainer" time="0.091" classname="pomtest.ManageCreateTest"/>
  <testcase name="selectCotrainer" time="0.081" classname="pomtest.ManageCreateTest"/>
  <testcase name="selectTrainer" time="0.066" classname="pomtest.ManageCreateTest"/>
  <testcase name="selectCotrainer" time="0.123" classname="pomtest.ManageCreateTest"/>
  <testcase name="selectTrainer" time="0.086" classname="pomtest.ManageCreateTest"/>
  <testcase name="selectCotrainer" time="0.092" classname="pomtest.ManageCreateTest"/>
  <testcase name="inputPassing" time="0.106" classname="pomtest.ManageCreateTest"/>
  <testcase name="inputName" time="0.545" classname="pomtest.ManageCreateTest"/>
  <testcase name="selectCotrainer" time="0.088" classname="pomtest.ManageCreateTest"/>
  <testcase name="buttonSave" time="0.054" classname="pomtest.ManageCreateTest"/>
  <testcase name="selectSkill" time="0.096" classname="pomtest.ManageCreateTest"/>
  <testcase name="selectTrainer" time="0.114" classname="pomtest.ManageCreateTest"/>
  <testcase name="selectSkill" time="0.119" classname="pomtest.ManageCreateTest"/>
  <testcase name="inputGood" time="0.293" classname="pomtest.ManageCreateTest"/>
  <testcase name="selectSkill" time="0.111" classname="pomtest.ManageCreateTest"/>
  <testcase name="selectTrainer" time="0.089" classname="pomtest.ManageCreateTest"/>
  <testcase name="selectTrainer" time="0.090" classname="pomtest.ManageCreateTest"/>
  <testcase name="selectTrainer" time="0.095" classname="pomtest.ManageCreateTest"/>
  <testcase name="selectCotrainer" time="0.087" classname="pomtest.ManageCreateTest"/>
  <testcase name="selectTrainer" time="0.111" classname="pomtest.ManageCreateTest"/>
  <testcase name="selectCotrainer" time="0.101" classname="pomtest.ManageCreateTest"/>
  <testcase name="selectTrainer" time="0.081" classname="pomtest.ManageCreateTest"/>
  <testcase name="selectTraining" time="0.093" classname="pomtest.ManageCreateTest"/>
  <testcase name="selectCotrainer" time="0.001" classname="pomtest.ManageCreateTest"/>
  <testcase name="selectTrainer" time="0.097" classname="pomtest.ManageCreateTest"/>
  <testcase name="selectTraining" time="0.159" classname="pomtest.ManageCreateTest"/>
  <testcase name="selectCotrainer" time="0.126" classname="pomtest.ManageCreateTest"/>
  <testcase name="selectTrainer" time="0.083" classname="pomtest.ManageCreateTest"/>
  <testcase name="selectCotrainer" time="0.086" classname="pomtest.ManageCreateTest"/>
  <testcase name="selectCotrainer" time="0.118" classname="pomtest.ManageCreateTest"/>
  <testcase name="selectTrainer" time="0.083" classname="pomtest.ManageCreateTest"/>
  <testcase name="selectCotrainer" time="0.086" classname="pomtest.ManageCreateTest"/>
  <testcase name="selectCotrainer" time="0.092" classname="pomtest.ManageCreateTest"/>
  <testcase name="selectTrainer" time="0.062" classname="pomtest.ManageCreateTest"/>
  <testcase name="selectTrainer" time="0.084" classname="pomtest.ManageCreateTest"/>
  <testcase name="selectTrainer" time="0.108" classname="pomtest.ManageCreateTest"/>
  <testcase name="selectSkill" time="0.105" classname="pomtest.ManageCreateTest"/>
  <testcase name="selectSkill" time="0.096" classname="pomtest.ManageCreateTest"/>
  <testcase name="selectTrainer" time="0.092" classname="pomtest.ManageCreateTest"/>
  <testcase name="selectTrainer" time="0.082" classname="pomtest.ManageCreateTest"/>
  <testcase name="selectTrainer" time="0.100" classname="pomtest.ManageCreateTest"/>
  <testcase name="buttonX" time="1.303" classname="pomtest.ManageCreateTest"/>
  <testcase name="selectSkill" time="0.136" classname="pomtest.ManageCreateTest"/>
  <testcase name="selectTrainer" time="0.115" classname="pomtest.ManageCreateTest"/>
  <testcase name="selectCotrainer" time="0.094" classname="pomtest.ManageCreateTest"/>
  <testcase name="selectTraining" time="0.106" classname="pomtest.ManageCreateTest"/>
  <testcase name="selectTrainer" time="0.092" classname="pomtest.ManageCreateTest"/>
  <testcase name="selectSkill" time="0.093" classname="pomtest.ManageCreateTest"/>
</testsuite> <!-- pomtest.ManageCreateTest -->
