<?xml version="1.0" encoding="UTF-8"?>
<!-- Generated by org.testng.reporters.JUnitReportReporter -->
<testsuite hostname="LAPTOP-Q4VAUUHH" name="pomtest.ManageTest" tests="3" failures="0" timestamp="28 May 2018 19:36:51 GMT" time="2.932" errors="0">
  <testcase name="clickCreateBatch" time="0.945" classname="pomtest.ManageTest"/>
  <testcase name="clickImportBatch" time="1.419" classname="pomtest.ManageTest"/>
  <testcase name="clickYear" time="0.568" classname="pomtest.ManageTest"/>
</testsuite> <!-- pomtest.ManageTest -->
