<?xml version="1.0" encoding="UTF-8"?>
<!-- Generated by org.testng.reporters.JUnitReportReporter -->
<testsuite hostname="LAPTOP-Q4VAUUHH" name="drivertest.FirefoxTest" tests="1" failures="0" timestamp="27 May 2018 20:37:37 GMT" time="17.035" errors="0">
  <testcase name="home" time="17.035" classname="drivertest.FirefoxTest"/>
</testsuite> <!-- drivertest.FirefoxTest -->
