<?xml version="1.0" encoding="UTF-8"?>
<!-- Generated by org.testng.reporters.JUnitReportReporter -->
<testsuite hostname="LAPTOP-Q4VAUUHH" name="pomtest.ManageYearTest" tests="4" failures="0" timestamp="29 May 2018 20:02:18 GMT" time="1.406" errors="0">
  <testcase name="listYears" time="0.149" classname="pomtest.ManageYearTest"/>
  <testcase name="listYears" time="0.202" classname="pomtest.ManageYearTest"/>
  <testcase name="listYears" time="0.210" classname="pomtest.ManageYearTest"/>
  <testcase name="listYears" time="0.845" classname="pomtest.ManageYearTest"/>
</testsuite> <!-- pomtest.ManageYearTest -->
