<?xml version="1.0" encoding="UTF-8"?>
<!-- Generated by org.testng.reporters.JUnitReportReporter -->
<testsuite hostname="LAPTOP-Q4VAUUHH" name="pomtest.ManageCreateTest" tests="105" failures="0" timestamp="28 May 2018 16:45:32 GMT" time="12.207" errors="0">
  <testcase name="selectTraining" time="0.166" classname="pomtest.ManageCreateTest"/>
  <testcase name="inputName" time="0.355" classname="pomtest.ManageCreateTest"/>
  <testcase name="selectTrainer" time="0.082" classname="pomtest.ManageCreateTest"/>
  <testcase name="selectSkill" time="0.091" classname="pomtest.ManageCreateTest"/>
  <testcase name="selectCotrainer" time="0.082" classname="pomtest.ManageCreateTest"/>
  <testcase name="selectCotrainer" time="0.082" classname="pomtest.ManageCreateTest"/>
  <testcase name="selectSkill" time="0.193" classname="pomtest.ManageCreateTest"/>
  <testcase name="selectTrainer" time="0.086" classname="pomtest.ManageCreateTest"/>
  <testcase name="selectTraining" time="0.097" classname="pomtest.ManageCreateTest"/>
  <testcase name="selectCotrainer" time="0.106" classname="pomtest.ManageCreateTest"/>
  <testcase name="selectTrainer" time="0.096" classname="pomtest.ManageCreateTest"/>
  <testcase name="selectCotrainer" time="0.079" classname="pomtest.ManageCreateTest"/>
  <testcase name="selectCotrainer" time="0.088" classname="pomtest.ManageCreateTest"/>
  <testcase name="selectCotrainer" time="0.081" classname="pomtest.ManageCreateTest"/>
  <testcase name="selectTrainer" time="0.087" classname="pomtest.ManageCreateTest"/>
  <testcase name="selectLocation" time="0.106" classname="pomtest.ManageCreateTest"/>
  <testcase name="selectCotrainer" time="0.059" classname="pomtest.ManageCreateTest"/>
  <testcase name="selectCotrainer" time="0.083" classname="pomtest.ManageCreateTest"/>
  <testcase name="selectTrainer" time="0.087" classname="pomtest.ManageCreateTest"/>
  <testcase name="selectSkill" time="0.082" classname="pomtest.ManageCreateTest"/>
  <testcase name="selectSkill" time="0.087" classname="pomtest.ManageCreateTest"/>
  <testcase name="selectTrainer" time="0.087" classname="pomtest.ManageCreateTest"/>
  <testcase name="selectCotrainer" time="0.087" classname="pomtest.ManageCreateTest"/>
  <testcase name="selectTrainer" time="0.086" classname="pomtest.ManageCreateTest"/>
  <testcase name="buttonClose" time="1.413" classname="pomtest.ManageCreateTest"/>
  <testcase name="selectTrainer" time="0.084" classname="pomtest.ManageCreateTest"/>
  <testcase name="selectCotrainer" time="0.085" classname="pomtest.ManageCreateTest"/>
  <testcase name="selectCotrainer" time="0.081" classname="pomtest.ManageCreateTest"/>
  <testcase name="inputGood" time="0.111" classname="pomtest.ManageCreateTest"/>
  <testcase name="selectTrainer" time="0.085" classname="pomtest.ManageCreateTest"/>
  <testcase name="selectCotrainer" time="0.095" classname="pomtest.ManageCreateTest"/>
  <testcase name="selectTrainer" time="0.085" classname="pomtest.ManageCreateTest"/>
  <testcase name="selectCotrainer" time="0.084" classname="pomtest.ManageCreateTest"/>
  <testcase name="selectStart" time="0.107" classname="pomtest.ManageCreateTest"/>
  <testcase name="selectTraining" time="0.088" classname="pomtest.ManageCreateTest"/>
  <testcase name="selectCotrainer" time="0.058" classname="pomtest.ManageCreateTest"/>
  <testcase name="selectCotrainer" time="0.089" classname="pomtest.ManageCreateTest"/>
  <testcase name="selectTrainer" time="0.085" classname="pomtest.ManageCreateTest"/>
  <testcase name="buttonSave" time="0.049" classname="pomtest.ManageCreateTest"/>
  <testcase name="selectTrainer" time="0.088" classname="pomtest.ManageCreateTest"/>
  <testcase name="selectTraining" time="0.187" classname="pomtest.ManageCreateTest"/>
  <testcase name="selectTrainer" time="0.093" classname="pomtest.ManageCreateTest"/>
  <testcase name="selectCotrainer" time="0.079" classname="pomtest.ManageCreateTest"/>
  <testcase name="selectTrainer" time="0.091" classname="pomtest.ManageCreateTest"/>
  <testcase name="selectSkill" time="0.102" classname="pomtest.ManageCreateTest"/>
  <testcase name="selectCotrainer" time="0.093" classname="pomtest.ManageCreateTest"/>
  <testcase name="selectTrainer" time="0.086" classname="pomtest.ManageCreateTest"/>
  <testcase name="selectCotrainer" time="0.084" classname="pomtest.ManageCreateTest"/>
  <testcase name="selectCotrainer" time="0.092" classname="pomtest.ManageCreateTest"/>
  <testcase name="selectTrainer" time="0.102" classname="pomtest.ManageCreateTest"/>
  <testcase name="selectTrainer" time="0.056" classname="pomtest.ManageCreateTest"/>
  <testcase name="selectTrainer" time="0.085" classname="pomtest.ManageCreateTest"/>
  <testcase name="selectTrainer" time="0.086" classname="pomtest.ManageCreateTest"/>
  <testcase name="selectTrainer" time="0.071" classname="pomtest.ManageCreateTest"/>
  <testcase name="selectTrainer" time="0.083" classname="pomtest.ManageCreateTest"/>
  <testcase name="selectSkill" time="0.111" classname="pomtest.ManageCreateTest"/>
  <testcase name="selectTrainer" time="0.085" classname="pomtest.ManageCreateTest"/>
  <testcase name="buttonX" time="1.333" classname="pomtest.ManageCreateTest"/>
  <testcase name="selectSkill" time="0.089" classname="pomtest.ManageCreateTest"/>
  <testcase name="selectTrainer" time="0.058" classname="pomtest.ManageCreateTest"/>
  <testcase name="selectTrainer" time="0.095" classname="pomtest.ManageCreateTest"/>
  <testcase name="selectCotrainer" time="0.070" classname="pomtest.ManageCreateTest"/>
  <testcase name="selectTrainer" time="0.087" classname="pomtest.ManageCreateTest"/>
  <testcase name="selectTrainer" time="0.063" classname="pomtest.ManageCreateTest"/>
  <testcase name="selectTrainer" time="0.082" classname="pomtest.ManageCreateTest"/>
  <testcase name="selectTrainer" time="0.085" classname="pomtest.ManageCreateTest"/>
  <testcase name="selectSkill" time="0.086" classname="pomtest.ManageCreateTest"/>
  <testcase name="selectTrainer" time="0.057" classname="pomtest.ManageCreateTest"/>
  <testcase name="selectTrainer" time="0.087" classname="pomtest.ManageCreateTest"/>
  <testcase name="selectCotrainer" time="0.062" classname="pomtest.ManageCreateTest"/>
  <testcase name="selectCotrainer" time="0.085" classname="pomtest.ManageCreateTest"/>
  <testcase name="selectCotrainer" time="0.084" classname="pomtest.ManageCreateTest"/>
  <testcase name="selectTrainer" time="0.082" classname="pomtest.ManageCreateTest"/>
  <testcase name="selectCotrainer" time="0.086" classname="pomtest.ManageCreateTest"/>
  <testcase name="selectCotrainer" time="0.082" classname="pomtest.ManageCreateTest"/>
  <testcase name="selectTrainer" time="0.084" classname="pomtest.ManageCreateTest"/>
  <testcase name="selectTrainer" time="0.089" classname="pomtest.ManageCreateTest"/>
  <testcase name="selectCotrainer" time="0.083" classname="pomtest.ManageCreateTest"/>
  <testcase name="selectCotrainer" time="0.089" classname="pomtest.ManageCreateTest"/>
  <testcase name="selectCotrainer" time="0.081" classname="pomtest.ManageCreateTest"/>
  <testcase name="selectCotrainer" time="0.060" classname="pomtest.ManageCreateTest"/>
  <testcase name="selectLocation" time="0.093" classname="pomtest.ManageCreateTest"/>
  <testcase name="selectCotrainer" time="0.103" classname="pomtest.ManageCreateTest"/>
  <testcase name="selectTrainer" time="0.084" classname="pomtest.ManageCreateTest"/>
  <testcase name="selectCotrainer" time="0.092" classname="pomtest.ManageCreateTest"/>
  <testcase name="selectTrainer" time="0.107" classname="pomtest.ManageCreateTest"/>
  <testcase name="selectSkill" time="0.091" classname="pomtest.ManageCreateTest"/>
  <testcase name="selectSkill" time="0.157" classname="pomtest.ManageCreateTest"/>
  <testcase name="selectCotrainer" time="0.085" classname="pomtest.ManageCreateTest"/>
  <testcase name="selectSkill" time="0.086" classname="pomtest.ManageCreateTest"/>
  <testcase name="selectTrainer" time="0.087" classname="pomtest.ManageCreateTest"/>
  <testcase name="inputPassing" time="0.099" classname="pomtest.ManageCreateTest"/>
  <testcase name="selectSkill" time="0.089" classname="pomtest.ManageCreateTest"/>
  <testcase name="selectCotrainer" time="0.113" classname="pomtest.ManageCreateTest"/>
  <testcase name="selectSkill" time="0.092" classname="pomtest.ManageCreateTest"/>
  <testcase name="selectCotrainer" time="0.092" classname="pomtest.ManageCreateTest"/>
  <testcase name="selectSkill" time="0.099" classname="pomtest.ManageCreateTest"/>
  <testcase name="selectSkill" time="0.091" classname="pomtest.ManageCreateTest"/>
  <testcase name="selectCotrainer" time="0.001" classname="pomtest.ManageCreateTest"/>
  <testcase name="selectCotrainer" time="0.110" classname="pomtest.ManageCreateTest"/>
  <testcase name="selectEnd" time="0.133" classname="pomtest.ManageCreateTest"/>
  <testcase name="selectTrainer" time="0.082" classname="pomtest.ManageCreateTest"/>
  <testcase name="selectCotrainer" time="0.083" classname="pomtest.ManageCreateTest"/>
  <testcase name="selectCotrainer" time="0.084" classname="pomtest.ManageCreateTest"/>
  <testcase name="selectTrainer" time="0.087" classname="pomtest.ManageCreateTest"/>
</testsuite> <!-- pomtest.ManageCreateTest -->
