<?xml version="1.0" encoding="UTF-8"?>
<!-- Generated by org.testng.reporters.JUnitReportReporter -->
<testsuite hostname="LAPTOP-Q4VAUUHH" name="drivertest.ChromeTest" tests="1" failures="0" timestamp="28 May 2018 16:45:32 GMT" time="3.494" errors="0">
  <testcase name="home" time="3.494" classname="drivertest.ChromeTest"/>
</testsuite> <!-- drivertest.ChromeTest -->
