<?xml version="1.0" encoding="UTF-8"?>
<!-- Generated by org.testng.reporters.JUnitReportReporter -->
<testsuite hostname="LAPTOP-Q4VAUUHH" name="pomtest.ManageTest" tests="3" failures="0" timestamp="31 May 2018 00:39:18 GMT" time="2.845" errors="0">
  <testcase name="clickCreateBatch" time="0.956" classname="pomtest.ManageTest"/>
  <testcase name="clickImportBatch" time="1.356" classname="pomtest.ManageTest"/>
  <testcase name="clickYear" time="0.533" classname="pomtest.ManageTest"/>
</testsuite> <!-- pomtest.ManageTest -->
