<?xml version="1.0" encoding="UTF-8"?>
<!-- Generated by org.testng.reporters.JUnitReportReporter -->
<testsuite hostname="LAPTOP-Q4VAUUHH" name="pomtest.ManageCreateTest" tests="105" failures="0" timestamp="31 May 2018 00:39:18 GMT" time="12.490" errors="0">
  <testcase name="selectCotrainer" time="0.080" classname="pomtest.ManageCreateTest"/>
  <testcase name="selectCotrainer" time="0.083" classname="pomtest.ManageCreateTest"/>
  <testcase name="selectCotrainer" time="0.086" classname="pomtest.ManageCreateTest"/>
  <testcase name="selectCotrainer" time="0.059" classname="pomtest.ManageCreateTest"/>
  <testcase name="selectSkill" time="0.110" classname="pomtest.ManageCreateTest"/>
  <testcase name="selectSkill" time="0.101" classname="pomtest.ManageCreateTest"/>
  <testcase name="selectStart" time="0.107" classname="pomtest.ManageCreateTest"/>
  <testcase name="selectCotrainer" time="0.080" classname="pomtest.ManageCreateTest"/>
  <testcase name="selectTrainer" time="0.090" classname="pomtest.ManageCreateTest"/>
  <testcase name="selectCotrainer" time="0.098" classname="pomtest.ManageCreateTest"/>
  <testcase name="selectCotrainer" time="0.085" classname="pomtest.ManageCreateTest"/>
  <testcase name="selectCotrainer" time="0.081" classname="pomtest.ManageCreateTest"/>
  <testcase name="selectSkill" time="0.100" classname="pomtest.ManageCreateTest"/>
  <testcase name="selectSkill" time="0.111" classname="pomtest.ManageCreateTest"/>
  <testcase name="selectTrainer" time="0.093" classname="pomtest.ManageCreateTest"/>
  <testcase name="selectLocation" time="0.108" classname="pomtest.ManageCreateTest"/>
  <testcase name="selectTrainer" time="0.101" classname="pomtest.ManageCreateTest"/>
  <testcase name="selectCotrainer" time="0.091" classname="pomtest.ManageCreateTest"/>
  <testcase name="selectSkill" time="0.107" classname="pomtest.ManageCreateTest"/>
  <testcase name="buttonClose" time="1.359" classname="pomtest.ManageCreateTest"/>
  <testcase name="selectTrainer" time="0.084" classname="pomtest.ManageCreateTest"/>
  <testcase name="selectSkill" time="0.100" classname="pomtest.ManageCreateTest"/>
  <testcase name="selectTrainer" time="0.088" classname="pomtest.ManageCreateTest"/>
  <testcase name="selectCotrainer" time="0.087" classname="pomtest.ManageCreateTest"/>
  <testcase name="selectCotrainer" time="0.082" classname="pomtest.ManageCreateTest"/>
  <testcase name="selectTrainer" time="0.103" classname="pomtest.ManageCreateTest"/>
  <testcase name="selectSkill" time="0.094" classname="pomtest.ManageCreateTest"/>
  <testcase name="selectLocation" time="0.112" classname="pomtest.ManageCreateTest"/>
  <testcase name="selectCotrainer" time="0.090" classname="pomtest.ManageCreateTest"/>
  <testcase name="selectTrainer" time="0.089" classname="pomtest.ManageCreateTest"/>
  <testcase name="selectTrainer" time="0.123" classname="pomtest.ManageCreateTest"/>
  <testcase name="selectTrainer" time="0.090" classname="pomtest.ManageCreateTest"/>
  <testcase name="selectTraining" time="0.166" classname="pomtest.ManageCreateTest"/>
  <testcase name="selectCotrainer" time="0.086" classname="pomtest.ManageCreateTest"/>
  <testcase name="selectCotrainer" time="0.082" classname="pomtest.ManageCreateTest"/>
  <testcase name="selectCotrainer" time="0.181" classname="pomtest.ManageCreateTest"/>
  <testcase name="selectTrainer" time="0.082" classname="pomtest.ManageCreateTest"/>
  <testcase name="selectTrainer" time="0.090" classname="pomtest.ManageCreateTest"/>
  <testcase name="selectCotrainer" time="0.111" classname="pomtest.ManageCreateTest"/>
  <testcase name="selectCotrainer" time="0.091" classname="pomtest.ManageCreateTest"/>
  <testcase name="selectTrainer" time="0.088" classname="pomtest.ManageCreateTest"/>
  <testcase name="selectTrainer" time="0.071" classname="pomtest.ManageCreateTest"/>
  <testcase name="selectTrainer" time="0.090" classname="pomtest.ManageCreateTest"/>
  <testcase name="selectCotrainer" time="0.057" classname="pomtest.ManageCreateTest"/>
  <testcase name="selectTrainer" time="0.107" classname="pomtest.ManageCreateTest"/>
  <testcase name="selectTrainer" time="0.101" classname="pomtest.ManageCreateTest"/>
  <testcase name="selectTrainer" time="0.093" classname="pomtest.ManageCreateTest"/>
  <testcase name="selectCotrainer" time="0.059" classname="pomtest.ManageCreateTest"/>
  <testcase name="selectCotrainer" time="0.088" classname="pomtest.ManageCreateTest"/>
  <testcase name="selectTrainer" time="0.086" classname="pomtest.ManageCreateTest"/>
  <testcase name="selectSkill" time="0.101" classname="pomtest.ManageCreateTest"/>
  <testcase name="selectCotrainer" time="0.108" classname="pomtest.ManageCreateTest"/>
  <testcase name="selectCotrainer" time="0.085" classname="pomtest.ManageCreateTest"/>
  <testcase name="selectCotrainer" time="0.082" classname="pomtest.ManageCreateTest"/>
  <testcase name="selectCotrainer" time="0.088" classname="pomtest.ManageCreateTest"/>
  <testcase name="selectEnd" time="0.111" classname="pomtest.ManageCreateTest"/>
  <testcase name="selectTrainer" time="0.072" classname="pomtest.ManageCreateTest"/>
  <testcase name="selectCotrainer" time="0.057" classname="pomtest.ManageCreateTest"/>
  <testcase name="selectCotrainer" time="0.085" classname="pomtest.ManageCreateTest"/>
  <testcase name="selectTrainer" time="0.062" classname="pomtest.ManageCreateTest"/>
  <testcase name="selectCotrainer" time="0.084" classname="pomtest.ManageCreateTest"/>
  <testcase name="selectTrainer" time="0.091" classname="pomtest.ManageCreateTest"/>
  <testcase name="selectCotrainer" time="0.079" classname="pomtest.ManageCreateTest"/>
  <testcase name="inputPassing" time="0.091" classname="pomtest.ManageCreateTest"/>
  <testcase name="inputName" time="0.364" classname="pomtest.ManageCreateTest"/>
  <testcase name="selectCotrainer" time="0.094" classname="pomtest.ManageCreateTest"/>
  <testcase name="buttonSave" time="0.048" classname="pomtest.ManageCreateTest"/>
  <testcase name="selectSkill" time="0.103" classname="pomtest.ManageCreateTest"/>
  <testcase name="selectTrainer" time="0.122" classname="pomtest.ManageCreateTest"/>
  <testcase name="selectSkill" time="0.099" classname="pomtest.ManageCreateTest"/>
  <testcase name="inputGood" time="0.104" classname="pomtest.ManageCreateTest"/>
  <testcase name="selectSkill" time="0.109" classname="pomtest.ManageCreateTest"/>
  <testcase name="selectTrainer" time="0.090" classname="pomtest.ManageCreateTest"/>
  <testcase name="selectTrainer" time="0.087" classname="pomtest.ManageCreateTest"/>
  <testcase name="selectTrainer" time="0.105" classname="pomtest.ManageCreateTest"/>
  <testcase name="selectCotrainer" time="0.090" classname="pomtest.ManageCreateTest"/>
  <testcase name="selectTrainer" time="0.109" classname="pomtest.ManageCreateTest"/>
  <testcase name="selectCotrainer" time="0.086" classname="pomtest.ManageCreateTest"/>
  <testcase name="selectTrainer" time="0.089" classname="pomtest.ManageCreateTest"/>
  <testcase name="selectTraining" time="0.092" classname="pomtest.ManageCreateTest"/>
  <testcase name="selectCotrainer" time="0.000" classname="pomtest.ManageCreateTest"/>
  <testcase name="selectTrainer" time="0.104" classname="pomtest.ManageCreateTest"/>
  <testcase name="selectTraining" time="0.196" classname="pomtest.ManageCreateTest"/>
  <testcase name="selectCotrainer" time="0.087" classname="pomtest.ManageCreateTest"/>
  <testcase name="selectTrainer" time="0.103" classname="pomtest.ManageCreateTest"/>
  <testcase name="selectCotrainer" time="0.081" classname="pomtest.ManageCreateTest"/>
  <testcase name="selectCotrainer" time="0.081" classname="pomtest.ManageCreateTest"/>
  <testcase name="selectTrainer" time="0.089" classname="pomtest.ManageCreateTest"/>
  <testcase name="selectCotrainer" time="0.088" classname="pomtest.ManageCreateTest"/>
  <testcase name="selectCotrainer" time="0.055" classname="pomtest.ManageCreateTest"/>
  <testcase name="selectTrainer" time="0.074" classname="pomtest.ManageCreateTest"/>
  <testcase name="selectTrainer" time="0.084" classname="pomtest.ManageCreateTest"/>
  <testcase name="selectTrainer" time="0.092" classname="pomtest.ManageCreateTest"/>
  <testcase name="selectSkill" time="0.135" classname="pomtest.ManageCreateTest"/>
  <testcase name="selectSkill" time="0.100" classname="pomtest.ManageCreateTest"/>
  <testcase name="selectTrainer" time="0.101" classname="pomtest.ManageCreateTest"/>
  <testcase name="selectTrainer" time="0.090" classname="pomtest.ManageCreateTest"/>
  <testcase name="selectTrainer" time="0.094" classname="pomtest.ManageCreateTest"/>
  <testcase name="buttonX" time="1.267" classname="pomtest.ManageCreateTest"/>
  <testcase name="selectSkill" time="0.119" classname="pomtest.ManageCreateTest"/>
  <testcase name="selectTrainer" time="0.093" classname="pomtest.ManageCreateTest"/>
  <testcase name="selectCotrainer" time="0.081" classname="pomtest.ManageCreateTest"/>
  <testcase name="selectTraining" time="0.098" classname="pomtest.ManageCreateTest"/>
  <testcase name="selectTrainer" time="0.088" classname="pomtest.ManageCreateTest"/>
  <testcase name="selectSkill" time="0.102" classname="pomtest.ManageCreateTest"/>
</testsuite> <!-- pomtest.ManageCreateTest -->
