<?xml version="1.0" encoding="UTF-8"?>
<!-- Generated by org.testng.reporters.JUnitReportReporter -->
<testsuite hostname="LAPTOP-Q4VAUUHH" name="pomtest.ManageYearTest" tests="4" failures="0" timestamp="30 May 2018 07:48:44 GMT" time="1.286" errors="0">
  <testcase name="listYears" time="0.175" classname="pomtest.ManageYearTest"/>
  <testcase name="listYears" time="0.230" classname="pomtest.ManageYearTest"/>
  <testcase name="listYears" time="0.179" classname="pomtest.ManageYearTest"/>
  <testcase name="listYears" time="0.702" classname="pomtest.ManageYearTest"/>
</testsuite> <!-- pomtest.ManageYearTest -->
