<?xml version="1.0" encoding="UTF-8"?>
<!-- Generated by org.testng.reporters.JUnitReportReporter -->
<testsuite hostname="LAPTOP-Q4VAUUHH" name="pomtest.ManageCreateTest" tests="105" failures="0" timestamp="27 May 2018 21:49:22 GMT" time="13.352" errors="0">
  <testcase name="selectSkill" time="0.089" classname="pomtest.ManageCreateTest"/>
  <testcase name="selectCotrainer" time="0.098" classname="pomtest.ManageCreateTest"/>
  <testcase name="selectSkill" time="0.086" classname="pomtest.ManageCreateTest"/>
  <testcase name="selectTrainer" time="0.105" classname="pomtest.ManageCreateTest"/>
  <testcase name="selectCotrainer" time="0.067" classname="pomtest.ManageCreateTest"/>
  <testcase name="selectCotrainer" time="0.094" classname="pomtest.ManageCreateTest"/>
  <testcase name="selectTrainer" time="0.088" classname="pomtest.ManageCreateTest"/>
  <testcase name="selectCotrainer" time="0.086" classname="pomtest.ManageCreateTest"/>
  <testcase name="selectSkill" time="0.083" classname="pomtest.ManageCreateTest"/>
  <testcase name="selectSkill" time="0.087" classname="pomtest.ManageCreateTest"/>
  <testcase name="selectTraining" time="0.094" classname="pomtest.ManageCreateTest"/>
  <testcase name="selectSkill" time="0.110" classname="pomtest.ManageCreateTest"/>
  <testcase name="selectCotrainer" time="0.098" classname="pomtest.ManageCreateTest"/>
  <testcase name="selectSkill" time="0.083" classname="pomtest.ManageCreateTest"/>
  <testcase name="selectTrainer" time="0.056" classname="pomtest.ManageCreateTest"/>
  <testcase name="selectCotrainer" time="0.063" classname="pomtest.ManageCreateTest"/>
  <testcase name="selectCotrainer" time="0.095" classname="pomtest.ManageCreateTest"/>
  <testcase name="selectTrainer" time="0.098" classname="pomtest.ManageCreateTest"/>
  <testcase name="selectTrainer" time="0.082" classname="pomtest.ManageCreateTest"/>
  <testcase name="selectCotrainer" time="0.088" classname="pomtest.ManageCreateTest"/>
  <testcase name="selectTrainer" time="0.091" classname="pomtest.ManageCreateTest"/>
  <testcase name="selectTrainer" time="0.089" classname="pomtest.ManageCreateTest"/>
  <testcase name="selectTrainer" time="0.085" classname="pomtest.ManageCreateTest"/>
  <testcase name="selectCotrainer" time="0.089" classname="pomtest.ManageCreateTest"/>
  <testcase name="selectCotrainer" time="0.058" classname="pomtest.ManageCreateTest"/>
  <testcase name="selectSkill" time="0.110" classname="pomtest.ManageCreateTest"/>
  <testcase name="selectTrainer" time="0.085" classname="pomtest.ManageCreateTest"/>
  <testcase name="selectTrainer" time="0.091" classname="pomtest.ManageCreateTest"/>
  <testcase name="selectCotrainer" time="0.109" classname="pomtest.ManageCreateTest"/>
  <testcase name="selectTrainer" time="0.089" classname="pomtest.ManageCreateTest"/>
  <testcase name="selectCotrainer" time="0.092" classname="pomtest.ManageCreateTest"/>
  <testcase name="selectTrainer" time="0.056" classname="pomtest.ManageCreateTest"/>
  <testcase name="selectStart" time="0.158" classname="pomtest.ManageCreateTest"/>
  <testcase name="selectLocation" time="0.105" classname="pomtest.ManageCreateTest"/>
  <testcase name="selectTrainer" time="0.083" classname="pomtest.ManageCreateTest"/>
  <testcase name="buttonClose" time="1.300" classname="pomtest.ManageCreateTest"/>
  <testcase name="selectCotrainer" time="0.106" classname="pomtest.ManageCreateTest"/>
  <testcase name="selectCotrainer" time="0.179" classname="pomtest.ManageCreateTest"/>
  <testcase name="selectCotrainer" time="0.099" classname="pomtest.ManageCreateTest"/>
  <testcase name="inputName" time="0.361" classname="pomtest.ManageCreateTest"/>
  <testcase name="selectSkill" time="0.143" classname="pomtest.ManageCreateTest"/>
  <testcase name="selectSkill" time="0.091" classname="pomtest.ManageCreateTest"/>
  <testcase name="selectSkill" time="0.085" classname="pomtest.ManageCreateTest"/>
  <testcase name="selectTrainer" time="0.056" classname="pomtest.ManageCreateTest"/>
  <testcase name="selectTraining" time="0.159" classname="pomtest.ManageCreateTest"/>
  <testcase name="selectTraining" time="0.087" classname="pomtest.ManageCreateTest"/>
  <testcase name="selectTrainer" time="0.095" classname="pomtest.ManageCreateTest"/>
  <testcase name="selectLocation" time="0.114" classname="pomtest.ManageCreateTest"/>
  <testcase name="inputPassing" time="0.127" classname="pomtest.ManageCreateTest"/>
  <testcase name="selectCotrainer" time="0.096" classname="pomtest.ManageCreateTest"/>
  <testcase name="selectCotrainer" time="0.095" classname="pomtest.ManageCreateTest"/>
  <testcase name="selectTrainer" time="0.081" classname="pomtest.ManageCreateTest"/>
  <testcase name="selectCotrainer" time="0.120" classname="pomtest.ManageCreateTest"/>
  <testcase name="selectCotrainer" time="0.118" classname="pomtest.ManageCreateTest"/>
  <testcase name="selectCotrainer" time="0.094" classname="pomtest.ManageCreateTest"/>
  <testcase name="selectTrainer" time="0.287" classname="pomtest.ManageCreateTest"/>
  <testcase name="selectCotrainer" time="0.090" classname="pomtest.ManageCreateTest"/>
  <testcase name="selectTrainer" time="0.113" classname="pomtest.ManageCreateTest"/>
  <testcase name="selectTrainer" time="0.083" classname="pomtest.ManageCreateTest"/>
  <testcase name="selectTrainer" time="0.083" classname="pomtest.ManageCreateTest"/>
  <testcase name="selectCotrainer" time="0.102" classname="pomtest.ManageCreateTest"/>
  <testcase name="selectTrainer" time="0.084" classname="pomtest.ManageCreateTest"/>
  <testcase name="buttonSave" time="0.089" classname="pomtest.ManageCreateTest"/>
  <testcase name="selectTrainer" time="0.101" classname="pomtest.ManageCreateTest"/>
  <testcase name="selectTrainer" time="0.329" classname="pomtest.ManageCreateTest"/>
  <testcase name="selectTrainer" time="0.094" classname="pomtest.ManageCreateTest"/>
  <testcase name="selectCotrainer" time="0.237" classname="pomtest.ManageCreateTest"/>
  <testcase name="selectTrainer" time="0.084" classname="pomtest.ManageCreateTest"/>
  <testcase name="selectCotrainer" time="0.088" classname="pomtest.ManageCreateTest"/>
  <testcase name="selectTrainer" time="0.087" classname="pomtest.ManageCreateTest"/>
  <testcase name="selectCotrainer" time="0.084" classname="pomtest.ManageCreateTest"/>
  <testcase name="selectEnd" time="0.113" classname="pomtest.ManageCreateTest"/>
  <testcase name="selectCotrainer" time="0.090" classname="pomtest.ManageCreateTest"/>
  <testcase name="selectTrainer" time="0.061" classname="pomtest.ManageCreateTest"/>
  <testcase name="selectCotrainer" time="0.091" classname="pomtest.ManageCreateTest"/>
  <testcase name="selectTrainer" time="0.080" classname="pomtest.ManageCreateTest"/>
  <testcase name="selectTrainer" time="0.232" classname="pomtest.ManageCreateTest"/>
  <testcase name="selectSkill" time="0.087" classname="pomtest.ManageCreateTest"/>
  <testcase name="selectTraining" time="0.180" classname="pomtest.ManageCreateTest"/>
  <testcase name="inputGood" time="0.147" classname="pomtest.ManageCreateTest"/>
  <testcase name="selectSkill" time="0.096" classname="pomtest.ManageCreateTest"/>
  <testcase name="selectCotrainer" time="0.071" classname="pomtest.ManageCreateTest"/>
  <testcase name="buttonX" time="1.264" classname="pomtest.ManageCreateTest"/>
  <testcase name="selectCotrainer" time="0.098" classname="pomtest.ManageCreateTest"/>
  <testcase name="selectCotrainer" time="0.091" classname="pomtest.ManageCreateTest"/>
  <testcase name="selectCotrainer" time="0.083" classname="pomtest.ManageCreateTest"/>
  <testcase name="selectTrainer" time="0.052" classname="pomtest.ManageCreateTest"/>
  <testcase name="selectSkill" time="0.084" classname="pomtest.ManageCreateTest"/>
  <testcase name="selectTrainer" time="0.108" classname="pomtest.ManageCreateTest"/>
  <testcase name="selectTrainer" time="0.086" classname="pomtest.ManageCreateTest"/>
  <testcase name="selectTrainer" time="0.085" classname="pomtest.ManageCreateTest"/>
  <testcase name="selectSkill" time="0.089" classname="pomtest.ManageCreateTest"/>
  <testcase name="selectTrainer" time="0.094" classname="pomtest.ManageCreateTest"/>
  <testcase name="selectCotrainer" time="0.094" classname="pomtest.ManageCreateTest"/>
  <testcase name="selectCotrainer" time="0.084" classname="pomtest.ManageCreateTest"/>
  <testcase name="selectTrainer" time="0.082" classname="pomtest.ManageCreateTest"/>
  <testcase name="selectCotrainer" time="0.097" classname="pomtest.ManageCreateTest"/>
  <testcase name="selectSkill" time="0.126" classname="pomtest.ManageCreateTest"/>
  <testcase name="selectTrainer" time="0.117" classname="pomtest.ManageCreateTest"/>
  <testcase name="selectTrainer" time="0.084" classname="pomtest.ManageCreateTest"/>
  <testcase name="selectCotrainer" time="0.091" classname="pomtest.ManageCreateTest"/>
  <testcase name="selectTrainer" time="0.137" classname="pomtest.ManageCreateTest"/>
  <testcase name="selectCotrainer" time="0.065" classname="pomtest.ManageCreateTest"/>
  <testcase name="selectCotrainer" time="0.093" classname="pomtest.ManageCreateTest"/>
  <testcase name="selectCotrainer" time="0.119" classname="pomtest.ManageCreateTest"/>
</testsuite> <!-- pomtest.ManageCreateTest -->
