<?xml version="1.0" encoding="UTF-8"?>
<!-- Generated by org.testng.reporters.JUnitReportReporter -->
<testsuite hostname="LAPTOP-Q4VAUUHH" name="drivertest.ChromeTest" tests="1" failures="0" timestamp="29 May 2018 20:02:18 GMT" time="11.913" errors="0">
  <testcase name="home" time="11.913" classname="drivertest.ChromeTest"/>
</testsuite> <!-- drivertest.ChromeTest -->
